2022-10-13 09:54:58,637|INFO |[restartedMain]||Starting DemoNCGL on DESKTOP-S6OKOUJ with PID 17180 (started by lenovo in F:\java proj\demoNCGL)
2022-10-13 09:54:58,696|INFO |[restartedMain]||No active profile set, falling back to default profiles: default
2022-10-13 09:54:58,979|INFO |[restartedMain]||The Class-Path manifest attribute in C:\Users\lenovo\.m2\repository\org\glassfish\jaxb\jaxb-runtime\2.3.2\jaxb-runtime-2.3.2.jar referenced one or more files that do not exist: file:/C:/Users/lenovo/.m2/repository/org/glassfish/jaxb/jaxb-runtime/2.3.2/jakarta.xml.bind-api-2.3.2.jar,file:/C:/Users/lenovo/.m2/repository/org/glassfish/jaxb/jaxb-runtime/2.3.2/txw2-2.3.2.jar,file:/C:/Users/lenovo/.m2/repository/org/glassfish/jaxb/jaxb-runtime/2.3.2/istack-commons-runtime-3.0.8.jar,file:/C:/Users/lenovo/.m2/repository/org/glassfish/jaxb/jaxb-runtime/2.3.2/stax-ex-1.8.1.jar,file:/C:/Users/lenovo/.m2/repository/org/glassfish/jaxb/jaxb-runtime/2.3.2/FastInfoset-1.2.16.jar,file:/C:/Users/lenovo/.m2/repository/org/glassfish/jaxb/jaxb-runtime/2.3.2/jakarta.activation-api-1.2.1.jar
2022-10-13 09:54:58,980|INFO |[restartedMain]||Devtools property defaults active! Set 'spring.devtools.add-properties' to 'false' to disable
2022-10-13 09:54:58,982|INFO |[restartedMain]||For additional web related logging consider setting the 'logging.level.web' property to 'DEBUG'
2022-10-13 09:55:13,755|INFO |[restartedMain]||Bootstrapping Spring Data JPA repositories in DEFAULT mode.
2022-10-13 09:55:14,538|INFO |[restartedMain]||Finished Spring Data repository scanning in 758ms. Found 1 JPA repository interfaces.
2022-10-13 09:55:19,776|INFO |[restartedMain]||Tomcat initialized with port(s): 8088 (http)
2022-10-13 09:55:19,918|INFO |[restartedMain]||Initializing ProtocolHandler ["http-nio-8088"]
2022-10-13 09:55:19,921|INFO |[restartedMain]||Starting service [Tomcat]
2022-10-13 09:55:19,921|INFO |[restartedMain]||Starting Servlet engine: [Apache Tomcat/9.0.31]
2022-10-13 09:55:20,849|INFO |[restartedMain]||Initializing Spring embedded WebApplicationContext
2022-10-13 09:55:20,850|INFO |[restartedMain]||Root WebApplicationContext: initialization completed in 21868 ms
2022-10-13 09:55:29,221|INFO |[restartedMain]||HHH000204: Processing PersistenceUnitInfo [
	name: default
	...]
2022-10-13 09:55:29,565|INFO |[restartedMain]||HHH000412: Hibernate Core {5.4.0.Final}
2022-10-13 09:55:29,570|INFO |[restartedMain]||HHH000206: hibernate.properties not found
2022-10-13 09:55:30,393|INFO |[restartedMain]||HCANN000001: Hibernate Commons Annotations {5.1.0.Final}
2022-10-13 09:55:31,056|INFO |[restartedMain]||HikariPool-1 - Starting...
2022-10-13 09:55:34,597|INFO |[restartedMain]||HikariPool-1 - Start completed.
2022-10-13 09:55:34,644|INFO |[restartedMain]||HHH000400: Using dialect: org.hibernate.dialect.Oracle10gDialect
2022-10-13 09:56:07,530|INFO |[restartedMain]||HHH000490: Using JtaPlatform implementation: [org.hibernate.engine.transaction.jta.platform.internal.NoJtaPlatform]
2022-10-13 09:56:07,551|INFO |[restartedMain]||Initialized JPA EntityManagerFactory for persistence unit 'default'
2022-10-13 09:56:07,589|INFO |[restartedMain]||LiveReload server is running on port 35729
2022-10-13 09:56:11,306|WARN |[restartedMain]||spring.jpa.open-in-view is enabled by default. Therefore, database queries may be performed during view rendering. Explicitly configure spring.jpa.open-in-view to disable this warning
2022-10-13 09:56:13,045|INFO |[restartedMain]||Mapped URL path [/v2/api-docs] onto method [springfox.documentation.swagger2.web.Swagger2Controller#getDocumentation(String, HttpServletRequest)]
2022-10-13 09:56:14,715|INFO |[restartedMain]||Initializing ExecutorService 'applicationTaskExecutor'
2022-10-13 09:56:17,218|INFO |[restartedMain]||Context refreshed
2022-10-13 09:56:17,330|INFO |[restartedMain]||Found 1 custom documentation plugin(s)
2022-10-13 09:56:17,450|INFO |[restartedMain]||Scanning for api listing references
2022-10-13 09:56:18,075|INFO |[restartedMain]||Generating unique operation named: listNCGUsingGET_1
2022-10-13 09:56:18,130|INFO |[restartedMain]||Starting ProtocolHandler ["http-nio-8088"]
2022-10-13 09:56:18,336|INFO |[restartedMain]||Tomcat started on port(s): 8088 (http) with context path ''
2022-10-13 09:56:18,350|INFO |[restartedMain]||Started DemoNCGL in 81.516 seconds (JVM running for 88.173)
2022-10-13 09:56:18,522|INFO |[restartedMain]||*****************info**************
2022-10-13 10:04:30,193|INFO |[Thread-6]||Shutting down ExecutorService 'applicationTaskExecutor'
2022-10-13 10:04:30,198|INFO |[Thread-6]||Closing JPA EntityManagerFactory for persistence unit 'default'
2022-10-13 10:04:30,205|INFO |[Thread-6]||HikariPool-1 - Shutdown initiated...
2022-10-13 10:04:30,296|INFO |[Thread-6]||HikariPool-1 - Shutdown completed.
