2022-05-12 10:17:44,228|INFO |[restartedMain]||Starting DemoApplication on DESKTOP-S6OKOUJ with PID 11572 (C:\mission\BOA\java\demo2\target\classes started by lenovo in C:\mission\BOA\java\demo2)
2022-05-12 10:17:44,256|INFO |[restartedMain]||No active profile set, falling back to default profiles: default
2022-05-12 10:17:44,510|INFO |[restartedMain]||The Class-Path manifest attribute in C:\Users\lenovo\.m2\repository\org\glassfish\jaxb\jaxb-runtime\2.3.2\jaxb-runtime-2.3.2.jar referenced one or more files that do not exist: file:/C:/Users/lenovo/.m2/repository/org/glassfish/jaxb/jaxb-runtime/2.3.2/jakarta.xml.bind-api-2.3.2.jar,file:/C:/Users/lenovo/.m2/repository/org/glassfish/jaxb/jaxb-runtime/2.3.2/txw2-2.3.2.jar,file:/C:/Users/lenovo/.m2/repository/org/glassfish/jaxb/jaxb-runtime/2.3.2/istack-commons-runtime-3.0.8.jar,file:/C:/Users/lenovo/.m2/repository/org/glassfish/jaxb/jaxb-runtime/2.3.2/stax-ex-1.8.1.jar,file:/C:/Users/lenovo/.m2/repository/org/glassfish/jaxb/jaxb-runtime/2.3.2/FastInfoset-1.2.16.jar,file:/C:/Users/lenovo/.m2/repository/org/glassfish/jaxb/jaxb-runtime/2.3.2/jakarta.activation-api-1.2.1.jar
2022-05-12 10:17:44,512|INFO |[restartedMain]||Devtools property defaults active! Set 'spring.devtools.add-properties' to 'false' to disable
2022-05-12 10:17:44,514|INFO |[restartedMain]||For additional web related logging consider setting the 'logging.level.web' property to 'DEBUG'
2022-05-12 10:17:48,639|INFO |[restartedMain]||Bootstrapping Spring Data JPA repositories in DEFAULT mode.
2022-05-12 10:17:49,125|INFO |[restartedMain]||Finished Spring Data repository scanning in 454ms. Found 2 JPA repository interfaces.
2022-05-12 10:17:53,812|INFO |[restartedMain]||Tomcat initialized with port(s): 8883 (http)
2022-05-12 10:17:53,850|INFO |[restartedMain]||Initializing ProtocolHandler ["http-nio-8883"]
2022-05-12 10:17:53,852|INFO |[restartedMain]||Starting service [Tomcat]
2022-05-12 10:17:53,854|INFO |[restartedMain]||Starting Servlet engine: [Apache Tomcat/9.0.31]
2022-05-12 10:17:54,131|INFO |[restartedMain]||Initializing Spring embedded WebApplicationContext
2022-05-12 10:17:54,132|INFO |[restartedMain]||Root WebApplicationContext: initialization completed in 9617 ms
2022-05-12 10:17:54,869|INFO |[restartedMain]||HHH000204: Processing PersistenceUnitInfo [
	name: default
	...]
2022-05-12 10:17:55,039|INFO |[restartedMain]||HHH000412: Hibernate Core {5.4.0.Final}
2022-05-12 10:17:55,046|INFO |[restartedMain]||HHH000206: hibernate.properties not found
2022-05-12 10:17:55,402|INFO |[restartedMain]||HCANN000001: Hibernate Commons Annotations {5.1.0.Final}
2022-05-12 10:17:55,723|INFO |[restartedMain]||HikariPool-1 - Starting...
2022-05-12 10:18:18,268|ERROR|[restartedMain]||HikariPool-1 - Exception during pool initialization.
java.sql.SQLRecoverableException: Erreur d'E/S: The Network Adapter could not establish the connection
	at oracle.jdbc.driver.T4CConnection.logon(T4CConnection.java:673)
	at oracle.jdbc.driver.PhysicalConnection.<init>(PhysicalConnection.java:715)
	at oracle.jdbc.driver.T4CConnection.<init>(T4CConnection.java:385)
	at oracle.jdbc.driver.T4CDriverExtension.getConnection(T4CDriverExtension.java:30)
	at oracle.jdbc.driver.OracleDriver.connect(OracleDriver.java:564)
	at com.zaxxer.hikari.util.DriverDataSource.getConnection(DriverDataSource.java:138)
	at com.zaxxer.hikari.pool.PoolBase.newConnection(PoolBase.java:354)
	at com.zaxxer.hikari.pool.PoolBase.newPoolEntry(PoolBase.java:202)
	at com.zaxxer.hikari.pool.HikariPool.createPoolEntry(HikariPool.java:473)
	at com.zaxxer.hikari.pool.HikariPool.checkFailFast(HikariPool.java:554)
	at com.zaxxer.hikari.pool.HikariPool.<init>(HikariPool.java:115)
	at com.zaxxer.hikari.HikariDataSource.getConnection(HikariDataSource.java:112)
	at org.hibernate.engine.jdbc.connections.internal.DatasourceConnectionProviderImpl.getConnection(DatasourceConnectionProviderImpl.java:122)
	at org.hibernate.engine.jdbc.env.internal.JdbcEnvironmentInitiator$ConnectionProviderJdbcConnectionAccess.obtainConnection(JdbcEnvironmentInitiator.java:180)
	at org.hibernate.engine.jdbc.env.internal.JdbcEnvironmentInitiator.initiateService(JdbcEnvironmentInitiator.java:68)
	at org.hibernate.engine.jdbc.env.internal.JdbcEnvironmentInitiator.initiateService(JdbcEnvironmentInitiator.java:35)
	at org.hibernate.boot.registry.internal.StandardServiceRegistryImpl.initiateService(StandardServiceRegistryImpl.java:94)
	at org.hibernate.service.internal.AbstractServiceRegistryImpl.createService(AbstractServiceRegistryImpl.java:263)
	at org.hibernate.service.internal.AbstractServiceRegistryImpl.initializeService(AbstractServiceRegistryImpl.java:237)
	at org.hibernate.service.internal.AbstractServiceRegistryImpl.getService(AbstractServiceRegistryImpl.java:214)
	at org.hibernate.id.factory.internal.DefaultIdentifierGeneratorFactory.injectServices(DefaultIdentifierGeneratorFactory.java:152)
	at org.hibernate.service.internal.AbstractServiceRegistryImpl.injectDependencies(AbstractServiceRegistryImpl.java:286)
	at org.hibernate.service.internal.AbstractServiceRegistryImpl.initializeService(AbstractServiceRegistryImpl.java:243)
	at org.hibernate.service.internal.AbstractServiceRegistryImpl.getService(AbstractServiceRegistryImpl.java:214)
	at org.hibernate.boot.internal.InFlightMetadataCollectorImpl.<init>(InFlightMetadataCollectorImpl.java:175)
	at org.hibernate.boot.model.process.spi.MetadataBuildingProcess.complete(MetadataBuildingProcess.java:119)
	at org.hibernate.jpa.boot.internal.EntityManagerFactoryBuilderImpl.metadata(EntityManagerFactoryBuilderImpl.java:903)
	at org.hibernate.jpa.boot.internal.EntityManagerFactoryBuilderImpl.build(EntityManagerFactoryBuilderImpl.java:934)
	at org.springframework.orm.jpa.vendor.SpringHibernateJpaPersistenceProvider.createContainerEntityManagerFactory(SpringHibernateJpaPersistenceProvider.java:58)
	at org.springframework.orm.jpa.LocalContainerEntityManagerFactoryBean.createNativeEntityManagerFactory(LocalContainerEntityManagerFactoryBean.java:365)
	at org.springframework.orm.jpa.AbstractEntityManagerFactoryBean.buildNativeEntityManagerFactory(AbstractEntityManagerFactoryBean.java:391)
	at org.springframework.orm.jpa.AbstractEntityManagerFactoryBean.afterPropertiesSet(AbstractEntityManagerFactoryBean.java:378)
	at org.springframework.orm.jpa.LocalContainerEntityManagerFactoryBean.afterPropertiesSet(LocalContainerEntityManagerFactoryBean.java:341)
	at org.springframework.beans.factory.support.AbstractAutowireCapableBeanFactory.invokeInitMethods(AbstractAutowireCapableBeanFactory.java:1855)
	at org.springframework.beans.factory.support.AbstractAutowireCapableBeanFactory.initializeBean(AbstractAutowireCapableBeanFactory.java:1792)
	at org.springframework.beans.factory.support.AbstractAutowireCapableBeanFactory.doCreateBean(AbstractAutowireCapableBeanFactory.java:595)
	at org.springframework.beans.factory.support.AbstractAutowireCapableBeanFactory.createBean(AbstractAutowireCapableBeanFactory.java:517)
	at org.springframework.beans.factory.support.AbstractBeanFactory.lambda$doGetBean$0(AbstractBeanFactory.java:323)
	at org.springframework.beans.factory.support.DefaultSingletonBeanRegistry.getSingleton(DefaultSingletonBeanRegistry.java:222)
	at org.springframework.beans.factory.support.AbstractBeanFactory.doGetBean(AbstractBeanFactory.java:321)
	at org.springframework.beans.factory.support.AbstractBeanFactory.getBean(AbstractBeanFactory.java:202)
	at org.springframework.context.support.AbstractApplicationContext.getBean(AbstractApplicationContext.java:1108)
	at org.springframework.context.support.AbstractApplicationContext.finishBeanFactoryInitialization(AbstractApplicationContext.java:868)
	at org.springframework.context.support.AbstractApplicationContext.refresh(AbstractApplicationContext.java:550)
	at org.springframework.boot.web.servlet.context.ServletWebServerApplicationContext.refresh(ServletWebServerApplicationContext.java:141)
	at org.springframework.boot.SpringApplication.refresh(SpringApplication.java:747)
	at org.springframework.boot.SpringApplication.refreshContext(SpringApplication.java:397)
	at org.springframework.boot.SpringApplication.run(SpringApplication.java:315)
	at org.springframework.boot.SpringApplication.run(SpringApplication.java:1226)
	at org.springframework.boot.SpringApplication.run(SpringApplication.java:1215)
	at com.example.demo.DemoApplication.main(DemoApplication.java:30)
	at java.base/jdk.internal.reflect.NativeMethodAccessorImpl.invoke0(Native Method)
	at java.base/jdk.internal.reflect.NativeMethodAccessorImpl.invoke(NativeMethodAccessorImpl.java:77)
	at java.base/jdk.internal.reflect.DelegatingMethodAccessorImpl.invoke(DelegatingMethodAccessorImpl.java:43)
	at java.base/java.lang.reflect.Method.invoke(Method.java:568)
	at org.springframework.boot.devtools.restart.RestartLauncher.run(RestartLauncher.java:49)
Caused by: oracle.net.ns.NetException: The Network Adapter could not establish the connection
	at oracle.net.nt.ConnStrategy.execute(ConnStrategy.java:445)
	at oracle.net.resolver.AddrResolution.resolveAndExecute(AddrResolution.java:464)
	at oracle.net.ns.NSProtocol.establishConnection(NSProtocol.java:594)
	at oracle.net.ns.NSProtocol.connect(NSProtocol.java:229)
	at oracle.jdbc.driver.T4CConnection.connect(T4CConnection.java:1360)
	at oracle.jdbc.driver.T4CConnection.logon(T4CConnection.java:486)
	... 55 common frames omitted
Caused by: java.net.ConnectException: Connection timed out: no further information
	at java.base/sun.nio.ch.Net.pollConnect(Native Method)
	at java.base/sun.nio.ch.Net.pollConnectNow(Net.java:672)
	at java.base/sun.nio.ch.NioSocketImpl.timedFinishConnect(NioSocketImpl.java:549)
	at java.base/sun.nio.ch.NioSocketImpl.connect(NioSocketImpl.java:597)
	at java.base/java.net.SocksSocketImpl.connect(SocksSocketImpl.java:327)
	at java.base/java.net.Socket.connect(Socket.java:633)
	at oracle.net.nt.TcpNTAdapter.connect(TcpNTAdapter.java:162)
	at oracle.net.nt.ConnOption.connect(ConnOption.java:133)
	at oracle.net.nt.ConnStrategy.execute(ConnStrategy.java:411)
	... 60 common frames omitted
2022-05-12 10:18:18,271|WARN |[restartedMain]||HHH000342: Could not obtain connection to query metadata : Erreur d'E/S: The Network Adapter could not establish the connection
2022-05-12 10:18:18,320|INFO |[restartedMain]||HHH000400: Using dialect: org.hibernate.dialect.Oracle10gDialect
2022-05-12 10:18:18,380|INFO |[restartedMain]||HHH000422: Disabling contextual LOB creation as connection was null
2022-05-12 10:18:20,469|INFO |[restartedMain]||HikariPool-1 - Starting...
2022-05-12 10:18:42,540|ERROR|[restartedMain]||HikariPool-1 - Exception during pool initialization.
java.sql.SQLRecoverableException: Erreur d'E/S: The Network Adapter could not establish the connection
	at oracle.jdbc.driver.T4CConnection.logon(T4CConnection.java:673)
	at oracle.jdbc.driver.PhysicalConnection.<init>(PhysicalConnection.java:715)
	at oracle.jdbc.driver.T4CConnection.<init>(T4CConnection.java:385)
	at oracle.jdbc.driver.T4CDriverExtension.getConnection(T4CDriverExtension.java:30)
	at oracle.jdbc.driver.OracleDriver.connect(OracleDriver.java:564)
	at com.zaxxer.hikari.util.DriverDataSource.getConnection(DriverDataSource.java:138)
	at com.zaxxer.hikari.pool.PoolBase.newConnection(PoolBase.java:354)
	at com.zaxxer.hikari.pool.PoolBase.newPoolEntry(PoolBase.java:202)
	at com.zaxxer.hikari.pool.HikariPool.createPoolEntry(HikariPool.java:473)
	at com.zaxxer.hikari.pool.HikariPool.checkFailFast(HikariPool.java:554)
	at com.zaxxer.hikari.pool.HikariPool.<init>(HikariPool.java:115)
	at com.zaxxer.hikari.HikariDataSource.getConnection(HikariDataSource.java:112)
	at org.hibernate.engine.jdbc.connections.internal.DatasourceConnectionProviderImpl.getConnection(DatasourceConnectionProviderImpl.java:122)
	at org.hibernate.internal.SessionFactoryImpl$1.obtainConnection(SessionFactoryImpl.java:459)
	at org.hibernate.hql.spi.id.IdTableHelper.executeIdTableCreationStatements(IdTableHelper.java:67)
	at org.hibernate.hql.spi.id.global.GlobalTemporaryTableBulkIdStrategy.finishPreparation(GlobalTemporaryTableBulkIdStrategy.java:125)
	at org.hibernate.hql.spi.id.global.GlobalTemporaryTableBulkIdStrategy.finishPreparation(GlobalTemporaryTableBulkIdStrategy.java:42)
	at org.hibernate.hql.spi.id.AbstractMultiTableBulkIdStrategyImpl.prepare(AbstractMultiTableBulkIdStrategyImpl.java:88)
	at org.hibernate.internal.SessionFactoryImpl.<init>(SessionFactoryImpl.java:302)
	at org.hibernate.boot.internal.SessionFactoryBuilderImpl.build(SessionFactoryBuilderImpl.java:462)
	at org.hibernate.jpa.boot.internal.EntityManagerFactoryBuilderImpl.build(EntityManagerFactoryBuilderImpl.java:938)
	at org.springframework.orm.jpa.vendor.SpringHibernateJpaPersistenceProvider.createContainerEntityManagerFactory(SpringHibernateJpaPersistenceProvider.java:58)
	at org.springframework.orm.jpa.LocalContainerEntityManagerFactoryBean.createNativeEntityManagerFactory(LocalContainerEntityManagerFactoryBean.java:365)
	at org.springframework.orm.jpa.AbstractEntityManagerFactoryBean.buildNativeEntityManagerFactory(AbstractEntityManagerFactoryBean.java:391)
	at org.springframework.orm.jpa.AbstractEntityManagerFactoryBean.afterPropertiesSet(AbstractEntityManagerFactoryBean.java:378)
	at org.springframework.orm.jpa.LocalContainerEntityManagerFactoryBean.afterPropertiesSet(LocalContainerEntityManagerFactoryBean.java:341)
	at org.springframework.beans.factory.support.AbstractAutowireCapableBeanFactory.invokeInitMethods(AbstractAutowireCapableBeanFactory.java:1855)
	at org.springframework.beans.factory.support.AbstractAutowireCapableBeanFactory.initializeBean(AbstractAutowireCapableBeanFactory.java:1792)
	at org.springframework.beans.factory.support.AbstractAutowireCapableBeanFactory.doCreateBean(AbstractAutowireCapableBeanFactory.java:595)
	at org.springframework.beans.factory.support.AbstractAutowireCapableBeanFactory.createBean(AbstractAutowireCapableBeanFactory.java:517)
	at org.springframework.beans.factory.support.AbstractBeanFactory.lambda$doGetBean$0(AbstractBeanFactory.java:323)
	at org.springframework.beans.factory.support.DefaultSingletonBeanRegistry.getSingleton(DefaultSingletonBeanRegistry.java:222)
	at org.springframework.beans.factory.support.AbstractBeanFactory.doGetBean(AbstractBeanFactory.java:321)
	at org.springframework.beans.factory.support.AbstractBeanFactory.getBean(AbstractBeanFactory.java:202)
	at org.springframework.context.support.AbstractApplicationContext.getBean(AbstractApplicationContext.java:1108)
	at org.springframework.context.support.AbstractApplicationContext.finishBeanFactoryInitialization(AbstractApplicationContext.java:868)
	at org.springframework.context.support.AbstractApplicationContext.refresh(AbstractApplicationContext.java:550)
	at org.springframework.boot.web.servlet.context.ServletWebServerApplicationContext.refresh(ServletWebServerApplicationContext.java:141)
	at org.springframework.boot.SpringApplication.refresh(SpringApplication.java:747)
	at org.springframework.boot.SpringApplication.refreshContext(SpringApplication.java:397)
	at org.springframework.boot.SpringApplication.run(SpringApplication.java:315)
	at org.springframework.boot.SpringApplication.run(SpringApplication.java:1226)
	at org.springframework.boot.SpringApplication.run(SpringApplication.java:1215)
	at com.example.demo.DemoApplication.main(DemoApplication.java:30)
	at java.base/jdk.internal.reflect.NativeMethodAccessorImpl.invoke0(Native Method)
	at java.base/jdk.internal.reflect.NativeMethodAccessorImpl.invoke(NativeMethodAccessorImpl.java:77)
	at java.base/jdk.internal.reflect.DelegatingMethodAccessorImpl.invoke(DelegatingMethodAccessorImpl.java:43)
	at java.base/java.lang.reflect.Method.invoke(Method.java:568)
	at org.springframework.boot.devtools.restart.RestartLauncher.run(RestartLauncher.java:49)
Caused by: oracle.net.ns.NetException: The Network Adapter could not establish the connection
	at oracle.net.nt.ConnStrategy.execute(ConnStrategy.java:445)
	at oracle.net.resolver.AddrResolution.resolveAndExecute(AddrResolution.java:464)
	at oracle.net.ns.NSProtocol.establishConnection(NSProtocol.java:594)
	at oracle.net.ns.NSProtocol.connect(NSProtocol.java:229)
	at oracle.jdbc.driver.T4CConnection.connect(T4CConnection.java:1360)
	at oracle.jdbc.driver.T4CConnection.logon(T4CConnection.java:486)
	... 48 common frames omitted
Caused by: java.net.ConnectException: Connection timed out: no further information
	at java.base/sun.nio.ch.Net.pollConnect(Native Method)
	at java.base/sun.nio.ch.Net.pollConnectNow(Net.java:672)
	at java.base/sun.nio.ch.NioSocketImpl.timedFinishConnect(NioSocketImpl.java:549)
	at java.base/sun.nio.ch.NioSocketImpl.connect(NioSocketImpl.java:597)
	at java.base/java.net.SocksSocketImpl.connect(SocksSocketImpl.java:327)
	at java.base/java.net.Socket.connect(Socket.java:633)
	at oracle.net.nt.TcpNTAdapter.connect(TcpNTAdapter.java:162)
	at oracle.net.nt.ConnOption.connect(ConnOption.java:133)
	at oracle.net.nt.ConnStrategy.execute(ConnStrategy.java:411)
	... 53 common frames omitted
2022-05-12 10:18:42,560|ERROR|[restartedMain]||Unable obtain JDBC Connection
java.sql.SQLRecoverableException: Erreur d'E/S: The Network Adapter could not establish the connection
	at oracle.jdbc.driver.T4CConnection.logon(T4CConnection.java:673)
	at oracle.jdbc.driver.PhysicalConnection.<init>(PhysicalConnection.java:715)
	at oracle.jdbc.driver.T4CConnection.<init>(T4CConnection.java:385)
	at oracle.jdbc.driver.T4CDriverExtension.getConnection(T4CDriverExtension.java:30)
	at oracle.jdbc.driver.OracleDriver.connect(OracleDriver.java:564)
	at com.zaxxer.hikari.util.DriverDataSource.getConnection(DriverDataSource.java:138)
	at com.zaxxer.hikari.pool.PoolBase.newConnection(PoolBase.java:354)
	at com.zaxxer.hikari.pool.PoolBase.newPoolEntry(PoolBase.java:202)
	at com.zaxxer.hikari.pool.HikariPool.createPoolEntry(HikariPool.java:473)
	at com.zaxxer.hikari.pool.HikariPool.checkFailFast(HikariPool.java:554)
	at com.zaxxer.hikari.pool.HikariPool.<init>(HikariPool.java:115)
	at com.zaxxer.hikari.HikariDataSource.getConnection(HikariDataSource.java:112)
	at org.hibernate.engine.jdbc.connections.internal.DatasourceConnectionProviderImpl.getConnection(DatasourceConnectionProviderImpl.java:122)
	at org.hibernate.internal.SessionFactoryImpl$1.obtainConnection(SessionFactoryImpl.java:459)
	at org.hibernate.hql.spi.id.IdTableHelper.executeIdTableCreationStatements(IdTableHelper.java:67)
	at org.hibernate.hql.spi.id.global.GlobalTemporaryTableBulkIdStrategy.finishPreparation(GlobalTemporaryTableBulkIdStrategy.java:125)
	at org.hibernate.hql.spi.id.global.GlobalTemporaryTableBulkIdStrategy.finishPreparation(GlobalTemporaryTableBulkIdStrategy.java:42)
	at org.hibernate.hql.spi.id.AbstractMultiTableBulkIdStrategyImpl.prepare(AbstractMultiTableBulkIdStrategyImpl.java:88)
	at org.hibernate.internal.SessionFactoryImpl.<init>(SessionFactoryImpl.java:302)
	at org.hibernate.boot.internal.SessionFactoryBuilderImpl.build(SessionFactoryBuilderImpl.java:462)
	at org.hibernate.jpa.boot.internal.EntityManagerFactoryBuilderImpl.build(EntityManagerFactoryBuilderImpl.java:938)
	at org.springframework.orm.jpa.vendor.SpringHibernateJpaPersistenceProvider.createContainerEntityManagerFactory(SpringHibernateJpaPersistenceProvider.java:58)
	at org.springframework.orm.jpa.LocalContainerEntityManagerFactoryBean.createNativeEntityManagerFactory(LocalContainerEntityManagerFactoryBean.java:365)
	at org.springframework.orm.jpa.AbstractEntityManagerFactoryBean.buildNativeEntityManagerFactory(AbstractEntityManagerFactoryBean.java:391)
	at org.springframework.orm.jpa.AbstractEntityManagerFactoryBean.afterPropertiesSet(AbstractEntityManagerFactoryBean.java:378)
	at org.springframework.orm.jpa.LocalContainerEntityManagerFactoryBean.afterPropertiesSet(LocalContainerEntityManagerFactoryBean.java:341)
	at org.springframework.beans.factory.support.AbstractAutowireCapableBeanFactory.invokeInitMethods(AbstractAutowireCapableBeanFactory.java:1855)
	at org.springframework.beans.factory.support.AbstractAutowireCapableBeanFactory.initializeBean(AbstractAutowireCapableBeanFactory.java:1792)
	at org.springframework.beans.factory.support.AbstractAutowireCapableBeanFactory.doCreateBean(AbstractAutowireCapableBeanFactory.java:595)
	at org.springframework.beans.factory.support.AbstractAutowireCapableBeanFactory.createBean(AbstractAutowireCapableBeanFactory.java:517)
	at org.springframework.beans.factory.support.AbstractBeanFactory.lambda$doGetBean$0(AbstractBeanFactory.java:323)
	at org.springframework.beans.factory.support.DefaultSingletonBeanRegistry.getSingleton(DefaultSingletonBeanRegistry.java:222)
	at org.springframework.beans.factory.support.AbstractBeanFactory.doGetBean(AbstractBeanFactory.java:321)
	at org.springframework.beans.factory.support.AbstractBeanFactory.getBean(AbstractBeanFactory.java:202)
	at org.springframework.context.support.AbstractApplicationContext.getBean(AbstractApplicationContext.java:1108)
	at org.springframework.context.support.AbstractApplicationContext.finishBeanFactoryInitialization(AbstractApplicationContext.java:868)
	at org.springframework.context.support.AbstractApplicationContext.refresh(AbstractApplicationContext.java:550)
	at org.springframework.boot.web.servlet.context.ServletWebServerApplicationContext.refresh(ServletWebServerApplicationContext.java:141)
	at org.springframework.boot.SpringApplication.refresh(SpringApplication.java:747)
	at org.springframework.boot.SpringApplication.refreshContext(SpringApplication.java:397)
	at org.springframework.boot.SpringApplication.run(SpringApplication.java:315)
	at org.springframework.boot.SpringApplication.run(SpringApplication.java:1226)
	at org.springframework.boot.SpringApplication.run(SpringApplication.java:1215)
	at com.example.demo.DemoApplication.main(DemoApplication.java:30)
	at java.base/jdk.internal.reflect.NativeMethodAccessorImpl.invoke0(Native Method)
	at java.base/jdk.internal.reflect.NativeMethodAccessorImpl.invoke(NativeMethodAccessorImpl.java:77)
	at java.base/jdk.internal.reflect.DelegatingMethodAccessorImpl.invoke(DelegatingMethodAccessorImpl.java:43)
	at java.base/java.lang.reflect.Method.invoke(Method.java:568)
	at org.springframework.boot.devtools.restart.RestartLauncher.run(RestartLauncher.java:49)
Caused by: oracle.net.ns.NetException: The Network Adapter could not establish the connection
	at oracle.net.nt.ConnStrategy.execute(ConnStrategy.java:445)
	at oracle.net.resolver.AddrResolution.resolveAndExecute(AddrResolution.java:464)
	at oracle.net.ns.NSProtocol.establishConnection(NSProtocol.java:594)
	at oracle.net.ns.NSProtocol.connect(NSProtocol.java:229)
	at oracle.jdbc.driver.T4CConnection.connect(T4CConnection.java:1360)
	at oracle.jdbc.driver.T4CConnection.logon(T4CConnection.java:486)
	... 48 common frames omitted
Caused by: java.net.ConnectException: Connection timed out: no further information
	at java.base/sun.nio.ch.Net.pollConnect(Native Method)
	at java.base/sun.nio.ch.Net.pollConnectNow(Net.java:672)
	at java.base/sun.nio.ch.NioSocketImpl.timedFinishConnect(NioSocketImpl.java:549)
	at java.base/sun.nio.ch.NioSocketImpl.connect(NioSocketImpl.java:597)
	at java.base/java.net.SocksSocketImpl.connect(SocksSocketImpl.java:327)
	at java.base/java.net.Socket.connect(Socket.java:633)
	at oracle.net.nt.TcpNTAdapter.connect(TcpNTAdapter.java:162)
	at oracle.net.nt.ConnOption.connect(ConnOption.java:133)
	at oracle.net.nt.ConnStrategy.execute(ConnStrategy.java:411)
	... 53 common frames omitted
2022-05-12 10:18:42,602|INFO |[restartedMain]||HHH000490: Using JtaPlatform implementation: [org.hibernate.engine.transaction.jta.platform.internal.NoJtaPlatform]
2022-05-12 10:18:42,613|INFO |[restartedMain]||Initialized JPA EntityManagerFactory for persistence unit 'default'
2022-05-12 10:18:43,803|INFO |[restartedMain]||HHH000397: Using ASTQueryTranslatorFactory
2022-05-12 10:18:45,740|INFO |[restartedMain]||Mapped URL path [/v2/api-docs] onto method [springfox.documentation.swagger2.web.Swagger2Controller#getDocumentation(String, HttpServletRequest)]
2022-05-12 10:18:46,230|INFO |[restartedMain]||Initializing ExecutorService 'applicationTaskExecutor'
2022-05-12 10:18:46,314|INFO |[restartedMain]||LiveReload server is running on port 35729
2022-05-12 10:18:47,289|INFO |[restartedMain]||Context refreshed
2022-05-12 10:18:47,331|INFO |[restartedMain]||Found 1 custom documentation plugin(s)
2022-05-12 10:18:47,401|INFO |[restartedMain]||Scanning for api listing references
2022-05-12 10:18:47,860|INFO |[restartedMain]||Starting ProtocolHandler ["http-nio-8883"]
2022-05-12 10:18:48,050|INFO |[restartedMain]||Tomcat started on port(s): 8883 (http) with context path ''
2022-05-12 10:18:48,059|INFO |[restartedMain]||Started DemoApplication in 65.538 seconds (JVM running for 68.053)
2022-05-12 10:18:48,077|INFO |[restartedMain]||*****************info**************
2022-05-12 10:20:01,101|INFO |[restartedMain]||Starting DemoApplication on DESKTOP-S6OKOUJ with PID 540 (C:\mission\BOA\java\demo2\target\classes started by lenovo in C:\mission\BOA\java\demo2)
2022-05-12 10:20:01,121|INFO |[restartedMain]||No active profile set, falling back to default profiles: default
2022-05-12 10:20:01,503|INFO |[restartedMain]||The Class-Path manifest attribute in C:\Users\lenovo\.m2\repository\org\glassfish\jaxb\jaxb-runtime\2.3.2\jaxb-runtime-2.3.2.jar referenced one or more files that do not exist: file:/C:/Users/lenovo/.m2/repository/org/glassfish/jaxb/jaxb-runtime/2.3.2/jakarta.xml.bind-api-2.3.2.jar,file:/C:/Users/lenovo/.m2/repository/org/glassfish/jaxb/jaxb-runtime/2.3.2/txw2-2.3.2.jar,file:/C:/Users/lenovo/.m2/repository/org/glassfish/jaxb/jaxb-runtime/2.3.2/istack-commons-runtime-3.0.8.jar,file:/C:/Users/lenovo/.m2/repository/org/glassfish/jaxb/jaxb-runtime/2.3.2/stax-ex-1.8.1.jar,file:/C:/Users/lenovo/.m2/repository/org/glassfish/jaxb/jaxb-runtime/2.3.2/FastInfoset-1.2.16.jar,file:/C:/Users/lenovo/.m2/repository/org/glassfish/jaxb/jaxb-runtime/2.3.2/jakarta.activation-api-1.2.1.jar
2022-05-12 10:20:01,563|INFO |[restartedMain]||Devtools property defaults active! Set 'spring.devtools.add-properties' to 'false' to disable
2022-05-12 10:20:01,564|INFO |[restartedMain]||For additional web related logging consider setting the 'logging.level.web' property to 'DEBUG'
2022-05-12 10:20:04,237|INFO |[restartedMain]||Bootstrapping Spring Data JPA repositories in DEFAULT mode.
2022-05-12 10:20:04,741|INFO |[restartedMain]||Finished Spring Data repository scanning in 426ms. Found 2 JPA repository interfaces.
2022-05-12 10:20:07,443|INFO |[restartedMain]||Tomcat initialized with port(s): 8883 (http)
2022-05-12 10:20:07,466|INFO |[restartedMain]||Initializing ProtocolHandler ["http-nio-8883"]
2022-05-12 10:20:07,470|INFO |[restartedMain]||Starting service [Tomcat]
2022-05-12 10:20:07,471|INFO |[restartedMain]||Starting Servlet engine: [Apache Tomcat/9.0.31]
2022-05-12 10:20:07,752|INFO |[restartedMain]||Initializing Spring embedded WebApplicationContext
2022-05-12 10:20:07,753|INFO |[restartedMain]||Root WebApplicationContext: initialization completed in 6188 ms
2022-05-12 10:20:08,506|INFO |[restartedMain]||HHH000204: Processing PersistenceUnitInfo [
	name: default
	...]
2022-05-12 10:20:08,723|INFO |[restartedMain]||HHH000412: Hibernate Core {5.4.0.Final}
2022-05-12 10:20:08,730|INFO |[restartedMain]||HHH000206: hibernate.properties not found
2022-05-12 10:20:09,155|INFO |[restartedMain]||HCANN000001: Hibernate Commons Annotations {5.1.0.Final}
2022-05-12 10:20:09,420|INFO |[restartedMain]||HikariPool-1 - Starting...
2022-05-12 10:20:11,488|INFO |[restartedMain]||HikariPool-1 - Start completed.
2022-05-12 10:20:11,579|INFO |[restartedMain]||HHH000400: Using dialect: org.hibernate.dialect.Oracle10gDialect
2022-05-12 10:20:18,084|INFO |[restartedMain]||HHH000490: Using JtaPlatform implementation: [org.hibernate.engine.transaction.jta.platform.internal.NoJtaPlatform]
2022-05-12 10:20:18,089|INFO |[restartedMain]||Initialized JPA EntityManagerFactory for persistence unit 'default'
2022-05-12 10:20:19,018|INFO |[restartedMain]||HHH000397: Using ASTQueryTranslatorFactory
2022-05-12 10:20:20,627|INFO |[restartedMain]||Mapped URL path [/v2/api-docs] onto method [springfox.documentation.swagger2.web.Swagger2Controller#getDocumentation(String, HttpServletRequest)]
2022-05-12 10:20:21,101|INFO |[restartedMain]||Initializing ExecutorService 'applicationTaskExecutor'
2022-05-12 10:20:21,174|WARN |[restartedMain]||Unable to start LiveReload server
2022-05-12 10:20:21,984|INFO |[restartedMain]||Context refreshed
2022-05-12 10:20:22,034|INFO |[restartedMain]||Found 1 custom documentation plugin(s)
2022-05-12 10:20:22,107|INFO |[restartedMain]||Scanning for api listing references
2022-05-12 10:20:22,605|INFO |[restartedMain]||Starting ProtocolHandler ["http-nio-8883"]
2022-05-12 10:20:22,678|INFO |[restartedMain]||Pausing ProtocolHandler ["http-nio-8883"]
2022-05-12 10:20:22,678|INFO |[restartedMain]||Stopping service [Tomcat]
2022-05-12 10:20:22,692|INFO |[restartedMain]||Stopping ProtocolHandler ["http-nio-8883"]
2022-05-12 10:20:22,694|INFO |[restartedMain]||Destroying ProtocolHandler ["http-nio-8883"]
2022-05-12 10:20:22,699|INFO |[restartedMain]||

Error starting ApplicationContext. To display the conditions report re-run your application with 'debug' enabled.
2022-05-12 10:20:22,704|ERROR|[restartedMain]||

***************************
APPLICATION FAILED TO START
***************************

Description:

Web server failed to start. Port 8883 was already in use.

Action:

Identify and stop the process that's listening on port 8883 or configure this application to listen on another port.

2022-05-12 10:20:22,751|INFO |[restartedMain]||Shutting down ExecutorService 'applicationTaskExecutor'
2022-05-12 10:20:22,756|INFO |[restartedMain]||Closing JPA EntityManagerFactory for persistence unit 'default'
2022-05-12 10:20:22,763|INFO |[restartedMain]||HikariPool-1 - Shutdown initiated...
2022-05-12 10:20:23,967|INFO |[restartedMain]||HikariPool-1 - Shutdown completed.
2022-05-12 10:21:16,246|INFO |[restartedMain]||Starting DemoApplication on DESKTOP-S6OKOUJ with PID 15236 (C:\mission\BOA\java\demo2\target\classes started by lenovo in C:\mission\BOA\java\demo2)
2022-05-12 10:21:16,274|INFO |[restartedMain]||No active profile set, falling back to default profiles: default
2022-05-12 10:21:16,477|INFO |[restartedMain]||The Class-Path manifest attribute in C:\Users\lenovo\.m2\repository\org\glassfish\jaxb\jaxb-runtime\2.3.2\jaxb-runtime-2.3.2.jar referenced one or more files that do not exist: file:/C:/Users/lenovo/.m2/repository/org/glassfish/jaxb/jaxb-runtime/2.3.2/jakarta.xml.bind-api-2.3.2.jar,file:/C:/Users/lenovo/.m2/repository/org/glassfish/jaxb/jaxb-runtime/2.3.2/txw2-2.3.2.jar,file:/C:/Users/lenovo/.m2/repository/org/glassfish/jaxb/jaxb-runtime/2.3.2/istack-commons-runtime-3.0.8.jar,file:/C:/Users/lenovo/.m2/repository/org/glassfish/jaxb/jaxb-runtime/2.3.2/stax-ex-1.8.1.jar,file:/C:/Users/lenovo/.m2/repository/org/glassfish/jaxb/jaxb-runtime/2.3.2/FastInfoset-1.2.16.jar,file:/C:/Users/lenovo/.m2/repository/org/glassfish/jaxb/jaxb-runtime/2.3.2/jakarta.activation-api-1.2.1.jar
2022-05-12 10:21:16,481|INFO |[restartedMain]||Devtools property defaults active! Set 'spring.devtools.add-properties' to 'false' to disable
2022-05-12 10:21:16,486|INFO |[restartedMain]||For additional web related logging consider setting the 'logging.level.web' property to 'DEBUG'
2022-05-12 10:21:19,096|INFO |[restartedMain]||Bootstrapping Spring Data JPA repositories in DEFAULT mode.
2022-05-12 10:21:19,576|INFO |[restartedMain]||Finished Spring Data repository scanning in 448ms. Found 2 JPA repository interfaces.
2022-05-12 10:21:22,165|INFO |[restartedMain]||Tomcat initialized with port(s): 8883 (http)
2022-05-12 10:21:22,189|INFO |[restartedMain]||Initializing ProtocolHandler ["http-nio-8883"]
2022-05-12 10:21:22,190|INFO |[restartedMain]||Starting service [Tomcat]
2022-05-12 10:21:22,195|INFO |[restartedMain]||Starting Servlet engine: [Apache Tomcat/9.0.31]
2022-05-12 10:21:22,426|INFO |[restartedMain]||Initializing Spring embedded WebApplicationContext
2022-05-12 10:21:22,428|INFO |[restartedMain]||Root WebApplicationContext: initialization completed in 5942 ms
2022-05-12 10:21:23,145|INFO |[restartedMain]||HHH000204: Processing PersistenceUnitInfo [
	name: default
	...]
2022-05-12 10:21:23,345|INFO |[restartedMain]||HHH000412: Hibernate Core {5.4.0.Final}
2022-05-12 10:21:23,355|INFO |[restartedMain]||HHH000206: hibernate.properties not found
2022-05-12 10:21:23,726|INFO |[restartedMain]||HCANN000001: Hibernate Commons Annotations {5.1.0.Final}
2022-05-12 10:21:24,014|INFO |[restartedMain]||HikariPool-1 - Starting...
2022-05-12 10:21:26,014|INFO |[restartedMain]||HikariPool-1 - Start completed.
2022-05-12 10:21:26,079|INFO |[restartedMain]||HHH000400: Using dialect: org.hibernate.dialect.Oracle10gDialect
2022-05-12 10:21:31,142|INFO |[restartedMain]||HHH000490: Using JtaPlatform implementation: [org.hibernate.engine.transaction.jta.platform.internal.NoJtaPlatform]
2022-05-12 10:21:31,148|INFO |[restartedMain]||Initialized JPA EntityManagerFactory for persistence unit 'default'
2022-05-12 10:21:32,096|INFO |[restartedMain]||HHH000397: Using ASTQueryTranslatorFactory
2022-05-12 10:21:33,802|INFO |[restartedMain]||Mapped URL path [/v2/api-docs] onto method [springfox.documentation.swagger2.web.Swagger2Controller#getDocumentation(String, HttpServletRequest)]
2022-05-12 10:21:34,364|INFO |[restartedMain]||Initializing ExecutorService 'applicationTaskExecutor'
2022-05-12 10:21:34,492|INFO |[restartedMain]||LiveReload server is running on port 35729
2022-05-12 10:21:35,303|INFO |[restartedMain]||Context refreshed
2022-05-12 10:21:35,334|INFO |[restartedMain]||Found 1 custom documentation plugin(s)
2022-05-12 10:21:35,401|INFO |[restartedMain]||Scanning for api listing references
2022-05-12 10:21:35,775|INFO |[restartedMain]||Starting ProtocolHandler ["http-nio-8883"]
2022-05-12 10:21:35,979|INFO |[restartedMain]||Tomcat started on port(s): 8883 (http) with context path ''
2022-05-12 10:21:36,008|INFO |[restartedMain]||Started DemoApplication in 21.027 seconds (JVM running for 23.11)
2022-05-12 10:21:36,030|INFO |[restartedMain]||*****************info**************
2022-05-12 12:48:27,894|INFO |[Thread-6]||Shutting down ExecutorService 'applicationTaskExecutor'
2022-05-12 12:48:27,935|INFO |[Thread-6]||Closing JPA EntityManagerFactory for persistence unit 'default'
2022-05-12 12:48:28,011|INFO |[Thread-6]||HikariPool-1 - Shutdown initiated...
2022-05-12 12:48:28,887|INFO |[Thread-6]||HikariPool-1 - Shutdown completed.
2022-05-12 12:52:36,774|INFO |[restartedMain]||Starting DemoApplication on DESKTOP-S6OKOUJ with PID 15236 (C:\mission\BOA\java\demo2\target\classes started by lenovo in C:\mission\BOA\java\demo2)
2022-05-12 12:52:36,776|INFO |[restartedMain]||No active profile set, falling back to default profiles: default
2022-05-12 12:52:38,094|INFO |[restartedMain]||Bootstrapping Spring Data JPA repositories in DEFAULT mode.
2022-05-12 12:52:38,404|INFO |[restartedMain]||Finished Spring Data repository scanning in 307ms. Found 2 JPA repository interfaces.
2022-05-12 12:52:39,665|INFO |[restartedMain]||Tomcat initialized with port(s): 8883 (http)
2022-05-12 12:52:39,668|INFO |[restartedMain]||Starting service [Tomcat]
2022-05-12 12:52:39,670|INFO |[restartedMain]||Starting Servlet engine: [Apache Tomcat/9.0.31]
2022-05-12 12:52:39,711|INFO |[restartedMain]||Initializing Spring embedded WebApplicationContext
2022-05-12 12:52:39,713|INFO |[restartedMain]||Root WebApplicationContext: initialization completed in 2923 ms
2022-05-12 12:52:39,868|INFO |[restartedMain]||HHH000204: Processing PersistenceUnitInfo [
	name: default
	...]
2022-05-12 12:52:39,879|INFO |[restartedMain]||HikariPool-2 - Starting...
2022-05-12 12:52:40,610|INFO |[restartedMain]||HikariPool-2 - Start completed.
2022-05-12 12:52:40,614|INFO |[restartedMain]||HHH000400: Using dialect: org.hibernate.dialect.Oracle10gDialect
2022-05-12 12:52:45,079|INFO |[restartedMain]||HHH000490: Using JtaPlatform implementation: [org.hibernate.engine.transaction.jta.platform.internal.NoJtaPlatform]
2022-05-12 12:52:45,080|INFO |[restartedMain]||Initialized JPA EntityManagerFactory for persistence unit 'default'
2022-05-12 12:52:45,275|INFO |[restartedMain]||HHH000397: Using ASTQueryTranslatorFactory
2022-05-12 12:52:45,881|INFO |[restartedMain]||Mapped URL path [/v2/api-docs] onto method [springfox.documentation.swagger2.web.Swagger2Controller#getDocumentation(String, HttpServletRequest)]
2022-05-12 12:52:46,445|INFO |[restartedMain]||Initializing ExecutorService 'applicationTaskExecutor'
2022-05-12 12:52:46,520|INFO |[restartedMain]||LiveReload server is running on port 35729
2022-05-12 12:52:47,181|INFO |[restartedMain]||Context refreshed
2022-05-12 12:52:47,183|INFO |[restartedMain]||Found 1 custom documentation plugin(s)
2022-05-12 12:52:47,212|INFO |[restartedMain]||Scanning for api listing references
2022-05-12 12:52:47,367|INFO |[restartedMain]||Tomcat started on port(s): 8883 (http) with context path ''
2022-05-12 12:52:47,369|INFO |[restartedMain]||Started DemoApplication in 10.765 seconds (JVM running for 9094.471)
2022-05-12 12:52:47,374|INFO |[restartedMain]||*****************info**************
2022-05-12 12:52:47,380|INFO |[restartedMain]||Condition evaluation unchanged
2022-05-12 13:00:04,645|INFO |[Thread-10]||Shutting down ExecutorService 'applicationTaskExecutor'
2022-05-12 13:00:04,666|INFO |[Thread-10]||Closing JPA EntityManagerFactory for persistence unit 'default'
2022-05-12 13:00:04,668|INFO |[Thread-10]||HikariPool-2 - Shutdown initiated...
2022-05-12 13:00:05,889|INFO |[Thread-10]||HikariPool-2 - Shutdown completed.
2022-05-12 13:00:06,209|INFO |[restartedMain]||Starting DemoApplication on DESKTOP-S6OKOUJ with PID 15236 (C:\mission\BOA\java\demo2\target\classes started by lenovo in C:\mission\BOA\java\demo2)
2022-05-12 13:00:06,211|INFO |[restartedMain]||No active profile set, falling back to default profiles: default
2022-05-12 13:00:08,426|INFO |[restartedMain]||Bootstrapping Spring Data JPA repositories in DEFAULT mode.
2022-05-12 13:00:08,530|INFO |[restartedMain]||Finished Spring Data repository scanning in 100ms. Found 2 JPA repository interfaces.
2022-05-12 13:00:09,581|INFO |[restartedMain]||Tomcat initialized with port(s): 8883 (http)
2022-05-12 13:00:09,584|INFO |[restartedMain]||Starting service [Tomcat]
2022-05-12 13:00:09,584|INFO |[restartedMain]||Starting Servlet engine: [Apache Tomcat/9.0.31]
2022-05-12 13:00:09,659|INFO |[restartedMain]||Initializing Spring embedded WebApplicationContext
2022-05-12 13:00:09,670|INFO |[restartedMain]||Root WebApplicationContext: initialization completed in 3452 ms
2022-05-12 13:00:09,869|INFO |[restartedMain]||HHH000204: Processing PersistenceUnitInfo [
	name: default
	...]
2022-05-12 13:00:09,891|INFO |[restartedMain]||HikariPool-3 - Starting...
2022-05-12 13:00:11,233|INFO |[restartedMain]||HikariPool-3 - Start completed.
2022-05-12 13:00:11,235|INFO |[restartedMain]||HHH000400: Using dialect: org.hibernate.dialect.Oracle10gDialect
2022-05-12 13:00:15,136|INFO |[restartedMain]||HHH000490: Using JtaPlatform implementation: [org.hibernate.engine.transaction.jta.platform.internal.NoJtaPlatform]
2022-05-12 13:00:15,137|INFO |[restartedMain]||Initialized JPA EntityManagerFactory for persistence unit 'default'
2022-05-12 13:00:15,329|INFO |[restartedMain]||HHH000397: Using ASTQueryTranslatorFactory
2022-05-12 13:00:15,891|INFO |[restartedMain]||Mapped URL path [/v2/api-docs] onto method [springfox.documentation.swagger2.web.Swagger2Controller#getDocumentation(String, HttpServletRequest)]
2022-05-12 13:00:16,071|INFO |[restartedMain]||Initializing ExecutorService 'applicationTaskExecutor'
2022-05-12 13:00:16,088|INFO |[restartedMain]||LiveReload server is running on port 35729
2022-05-12 13:00:16,319|INFO |[restartedMain]||Context refreshed
2022-05-12 13:00:16,319|INFO |[restartedMain]||Found 1 custom documentation plugin(s)
2022-05-12 13:00:16,334|INFO |[restartedMain]||Scanning for api listing references
2022-05-12 13:00:16,462|INFO |[restartedMain]||Tomcat started on port(s): 8883 (http) with context path ''
2022-05-12 13:00:16,464|INFO |[restartedMain]||Started DemoApplication in 10.347 seconds (JVM running for 9543.566)
2022-05-12 13:00:16,469|INFO |[restartedMain]||*****************info**************
2022-05-12 13:00:16,516|INFO |[restartedMain]||Condition evaluation unchanged
2022-05-12 13:00:48,473|INFO |[Thread-25]||Shutting down ExecutorService 'applicationTaskExecutor'
2022-05-12 13:00:48,478|INFO |[Thread-25]||Closing JPA EntityManagerFactory for persistence unit 'default'
2022-05-12 13:00:48,480|INFO |[Thread-25]||HikariPool-3 - Shutdown initiated...
2022-05-12 13:00:49,194|INFO |[Thread-25]||HikariPool-3 - Shutdown completed.
2022-05-12 13:00:49,448|INFO |[restartedMain]||Starting DemoApplication on DESKTOP-S6OKOUJ with PID 15236 (C:\mission\BOA\java\demo2\target\classes started by lenovo in C:\mission\BOA\java\demo2)
2022-05-12 13:00:49,448|INFO |[restartedMain]||No active profile set, falling back to default profiles: default
2022-05-12 13:00:50,008|INFO |[restartedMain]||Bootstrapping Spring Data JPA repositories in DEFAULT mode.
2022-05-12 13:00:50,034|INFO |[restartedMain]||Finished Spring Data repository scanning in 25ms. Found 2 JPA repository interfaces.
2022-05-12 13:00:50,523|INFO |[restartedMain]||Tomcat initialized with port(s): 8883 (http)
2022-05-12 13:00:50,526|INFO |[restartedMain]||Starting service [Tomcat]
2022-05-12 13:00:50,528|INFO |[restartedMain]||Starting Servlet engine: [Apache Tomcat/9.0.31]
2022-05-12 13:00:50,567|INFO |[restartedMain]||Initializing Spring embedded WebApplicationContext
2022-05-12 13:00:50,568|INFO |[restartedMain]||Root WebApplicationContext: initialization completed in 1114 ms
2022-05-12 13:00:50,692|INFO |[restartedMain]||HHH000204: Processing PersistenceUnitInfo [
	name: default
	...]
2022-05-12 13:00:50,699|INFO |[restartedMain]||HikariPool-4 - Starting...
2022-05-12 13:00:51,495|INFO |[restartedMain]||HikariPool-4 - Start completed.
2022-05-12 13:00:51,499|INFO |[restartedMain]||HHH000400: Using dialect: org.hibernate.dialect.Oracle10gDialect
2022-05-12 13:00:58,321|INFO |[restartedMain]||HHH000490: Using JtaPlatform implementation: [org.hibernate.engine.transaction.jta.platform.internal.NoJtaPlatform]
2022-05-12 13:00:58,322|INFO |[restartedMain]||Initialized JPA EntityManagerFactory for persistence unit 'default'
2022-05-12 13:00:58,471|INFO |[restartedMain]||HHH000397: Using ASTQueryTranslatorFactory
2022-05-12 13:00:58,968|INFO |[restartedMain]||Mapped URL path [/v2/api-docs] onto method [springfox.documentation.swagger2.web.Swagger2Controller#getDocumentation(String, HttpServletRequest)]
2022-05-12 13:00:59,150|INFO |[restartedMain]||Initializing ExecutorService 'applicationTaskExecutor'
2022-05-12 13:00:59,164|INFO |[restartedMain]||LiveReload server is running on port 35729
2022-05-12 13:00:59,439|INFO |[restartedMain]||Context refreshed
2022-05-12 13:00:59,440|INFO |[restartedMain]||Found 1 custom documentation plugin(s)
2022-05-12 13:00:59,450|INFO |[restartedMain]||Scanning for api listing references
2022-05-12 13:00:59,517|INFO |[restartedMain]||Tomcat started on port(s): 8883 (http) with context path ''
2022-05-12 13:00:59,519|INFO |[restartedMain]||Started DemoApplication in 10.13 seconds (JVM running for 9586.621)
2022-05-12 13:00:59,523|INFO |[restartedMain]||*****************info**************
2022-05-12 13:00:59,524|INFO |[restartedMain]||Condition evaluation unchanged
2022-05-12 15:34:41,190|INFO |[restartedMain]||The Class-Path manifest attribute in C:\Users\lenovo\.m2\repository\org\glassfish\jaxb\jaxb-runtime\2.3.2\jaxb-runtime-2.3.2.jar referenced one or more files that do not exist: file:/C:/Users/lenovo/.m2/repository/org/glassfish/jaxb/jaxb-runtime/2.3.2/jakarta.xml.bind-api-2.3.2.jar,file:/C:/Users/lenovo/.m2/repository/org/glassfish/jaxb/jaxb-runtime/2.3.2/txw2-2.3.2.jar,file:/C:/Users/lenovo/.m2/repository/org/glassfish/jaxb/jaxb-runtime/2.3.2/istack-commons-runtime-3.0.8.jar,file:/C:/Users/lenovo/.m2/repository/org/glassfish/jaxb/jaxb-runtime/2.3.2/stax-ex-1.8.1.jar,file:/C:/Users/lenovo/.m2/repository/org/glassfish/jaxb/jaxb-runtime/2.3.2/FastInfoset-1.2.16.jar,file:/C:/Users/lenovo/.m2/repository/org/glassfish/jaxb/jaxb-runtime/2.3.2/jakarta.activation-api-1.2.1.jar
2022-05-12 15:34:41,207|INFO |[restartedMain]||Devtools property defaults active! Set 'spring.devtools.add-properties' to 'false' to disable
2022-05-12 15:34:42,772|INFO |[restartedMain]||No active profile set, falling back to default profiles: default
2022-05-12 15:34:45,170|INFO |[restartedMain]||Bootstrapping Spring Data JPA repositories in DEFAULT mode.
2022-05-12 15:34:45,795|INFO |[restartedMain]||Finished Spring Data repository scanning in 594ms. Found 1 JPA repository interfaces.
2022-05-12 15:34:47,547|INFO |[restartedMain]||BeanFactory id=850b2bea-8f52-3a88-be71-4546ae52f206
2022-05-12 15:34:49,062|INFO |[restartedMain]||Bean 'org.springframework.cloud.client.loadbalancer.reactive.LoadBalancerBeanPostProcessorAutoConfiguration' of type [org.springframework.cloud.client.loadbalancer.reactive.LoadBalancerBeanPostProcessorAutoConfiguration] is not eligible for getting processed by all BeanPostProcessors (for example: not eligible for auto-proxying)
2022-05-12 15:34:49,069|INFO |[restartedMain]||Bean 'org.springframework.cloud.client.loadbalancer.reactive.LoadBalancerBeanPostProcessorAutoConfiguration$ReactiveLoadBalancerConfig' of type [org.springframework.cloud.client.loadbalancer.reactive.LoadBalancerBeanPostProcessorAutoConfiguration$ReactiveLoadBalancerConfig] is not eligible for getting processed by all BeanPostProcessors (for example: not eligible for auto-proxying)
2022-05-12 15:34:49,076|INFO |[restartedMain]||Bean 'deferringLoadBalancerExchangeFilterFunction' of type [org.springframework.cloud.client.loadbalancer.reactive.DeferringLoadBalancerExchangeFilterFunction] is not eligible for getting processed by all BeanPostProcessors (for example: not eligible for auto-proxying)
2022-05-12 15:34:50,286|INFO |[restartedMain]||Tomcat initialized with port(s): 8883 (http)
2022-05-12 15:34:50,316|INFO |[restartedMain]||Initializing ProtocolHandler ["http-nio-8883"]
2022-05-12 15:34:50,318|INFO |[restartedMain]||Starting service [Tomcat]
2022-05-12 15:34:50,320|INFO |[restartedMain]||Starting Servlet engine: [Apache Tomcat/9.0.31]
2022-05-12 15:34:51,242|INFO |[restartedMain]||Initializing Spring embedded WebApplicationContext
2022-05-12 15:34:51,244|INFO |[restartedMain]||Root WebApplicationContext: initialization completed in 8427 ms
2022-05-12 15:34:52,333|INFO |[restartedMain]||HHH000204: Processing PersistenceUnitInfo [
	name: default
	...]
2022-05-12 15:34:52,736|INFO |[restartedMain]||HHH000412: Hibernate Core {5.4.0.Final}
2022-05-12 15:34:52,742|INFO |[restartedMain]||HHH000206: hibernate.properties not found
2022-05-12 15:34:53,292|INFO |[restartedMain]||HCANN000001: Hibernate Commons Annotations {5.1.0.Final}
2022-05-12 15:34:53,665|INFO |[restartedMain]||HikariPool-1 - Starting...
2022-05-12 15:35:16,057|ERROR|[restartedMain]||HikariPool-1 - Exception during pool initialization.
java.sql.SQLRecoverableException: Erreur d'E/S: The Network Adapter could not establish the connection
	at oracle.jdbc.driver.T4CConnection.logon(T4CConnection.java:673)
	at oracle.jdbc.driver.PhysicalConnection.<init>(PhysicalConnection.java:715)
	at oracle.jdbc.driver.T4CConnection.<init>(T4CConnection.java:385)
	at oracle.jdbc.driver.T4CDriverExtension.getConnection(T4CDriverExtension.java:30)
	at oracle.jdbc.driver.OracleDriver.connect(OracleDriver.java:564)
	at com.zaxxer.hikari.util.DriverDataSource.getConnection(DriverDataSource.java:138)
	at com.zaxxer.hikari.pool.PoolBase.newConnection(PoolBase.java:354)
	at com.zaxxer.hikari.pool.PoolBase.newPoolEntry(PoolBase.java:202)
	at com.zaxxer.hikari.pool.HikariPool.createPoolEntry(HikariPool.java:473)
	at com.zaxxer.hikari.pool.HikariPool.checkFailFast(HikariPool.java:554)
	at com.zaxxer.hikari.pool.HikariPool.<init>(HikariPool.java:115)
	at com.zaxxer.hikari.HikariDataSource.getConnection(HikariDataSource.java:112)
	at org.hibernate.engine.jdbc.connections.internal.DatasourceConnectionProviderImpl.getConnection(DatasourceConnectionProviderImpl.java:122)
	at org.hibernate.engine.jdbc.env.internal.JdbcEnvironmentInitiator$ConnectionProviderJdbcConnectionAccess.obtainConnection(JdbcEnvironmentInitiator.java:180)
	at org.hibernate.engine.jdbc.env.internal.JdbcEnvironmentInitiator.initiateService(JdbcEnvironmentInitiator.java:68)
	at org.hibernate.engine.jdbc.env.internal.JdbcEnvironmentInitiator.initiateService(JdbcEnvironmentInitiator.java:35)
	at org.hibernate.boot.registry.internal.StandardServiceRegistryImpl.initiateService(StandardServiceRegistryImpl.java:94)
	at org.hibernate.service.internal.AbstractServiceRegistryImpl.createService(AbstractServiceRegistryImpl.java:263)
	at org.hibernate.service.internal.AbstractServiceRegistryImpl.initializeService(AbstractServiceRegistryImpl.java:237)
	at org.hibernate.service.internal.AbstractServiceRegistryImpl.getService(AbstractServiceRegistryImpl.java:214)
	at org.hibernate.id.factory.internal.DefaultIdentifierGeneratorFactory.injectServices(DefaultIdentifierGeneratorFactory.java:152)
	at org.hibernate.service.internal.AbstractServiceRegistryImpl.injectDependencies(AbstractServiceRegistryImpl.java:286)
	at org.hibernate.service.internal.AbstractServiceRegistryImpl.initializeService(AbstractServiceRegistryImpl.java:243)
	at org.hibernate.service.internal.AbstractServiceRegistryImpl.getService(AbstractServiceRegistryImpl.java:214)
	at org.hibernate.boot.internal.InFlightMetadataCollectorImpl.<init>(InFlightMetadataCollectorImpl.java:175)
	at org.hibernate.boot.model.process.spi.MetadataBuildingProcess.complete(MetadataBuildingProcess.java:119)
	at org.hibernate.jpa.boot.internal.EntityManagerFactoryBuilderImpl.metadata(EntityManagerFactoryBuilderImpl.java:903)
	at org.hibernate.jpa.boot.internal.EntityManagerFactoryBuilderImpl.build(EntityManagerFactoryBuilderImpl.java:934)
	at org.springframework.orm.jpa.vendor.SpringHibernateJpaPersistenceProvider.createContainerEntityManagerFactory(SpringHibernateJpaPersistenceProvider.java:58)
	at org.springframework.orm.jpa.LocalContainerEntityManagerFactoryBean.createNativeEntityManagerFactory(LocalContainerEntityManagerFactoryBean.java:365)
	at org.springframework.orm.jpa.AbstractEntityManagerFactoryBean.buildNativeEntityManagerFactory(AbstractEntityManagerFactoryBean.java:391)
	at org.springframework.orm.jpa.AbstractEntityManagerFactoryBean.afterPropertiesSet(AbstractEntityManagerFactoryBean.java:378)
	at org.springframework.orm.jpa.LocalContainerEntityManagerFactoryBean.afterPropertiesSet(LocalContainerEntityManagerFactoryBean.java:341)
	at org.springframework.beans.factory.support.AbstractAutowireCapableBeanFactory.invokeInitMethods(AbstractAutowireCapableBeanFactory.java:1855)
	at org.springframework.beans.factory.support.AbstractAutowireCapableBeanFactory.initializeBean(AbstractAutowireCapableBeanFactory.java:1792)
	at org.springframework.beans.factory.support.AbstractAutowireCapableBeanFactory.doCreateBean(AbstractAutowireCapableBeanFactory.java:595)
	at org.springframework.beans.factory.support.AbstractAutowireCapableBeanFactory.createBean(AbstractAutowireCapableBeanFactory.java:517)
	at org.springframework.beans.factory.support.AbstractBeanFactory.lambda$doGetBean$0(AbstractBeanFactory.java:323)
	at org.springframework.beans.factory.support.DefaultSingletonBeanRegistry.getSingleton(DefaultSingletonBeanRegistry.java:222)
	at org.springframework.beans.factory.support.AbstractBeanFactory.doGetBean(AbstractBeanFactory.java:321)
	at org.springframework.beans.factory.support.AbstractBeanFactory.getBean(AbstractBeanFactory.java:202)
	at org.springframework.context.support.AbstractApplicationContext.getBean(AbstractApplicationContext.java:1108)
	at org.springframework.context.support.AbstractApplicationContext.finishBeanFactoryInitialization(AbstractApplicationContext.java:868)
	at org.springframework.context.support.AbstractApplicationContext.refresh(AbstractApplicationContext.java:550)
	at org.springframework.boot.web.servlet.context.ServletWebServerApplicationContext.refresh(ServletWebServerApplicationContext.java:141)
	at org.springframework.boot.SpringApplication.refresh(SpringApplication.java:747)
	at org.springframework.boot.SpringApplication.refreshContext(SpringApplication.java:397)
	at org.springframework.boot.SpringApplication.run(SpringApplication.java:315)
	at org.springframework.boot.SpringApplication.run(SpringApplication.java:1226)
	at org.springframework.boot.SpringApplication.run(SpringApplication.java:1215)
	at com.example.demo.DemoNCG.main(DemoNCG.java:26)
	at java.base/jdk.internal.reflect.NativeMethodAccessorImpl.invoke0(Native Method)
	at java.base/jdk.internal.reflect.NativeMethodAccessorImpl.invoke(NativeMethodAccessorImpl.java:77)
	at java.base/jdk.internal.reflect.DelegatingMethodAccessorImpl.invoke(DelegatingMethodAccessorImpl.java:43)
	at java.base/java.lang.reflect.Method.invoke(Method.java:568)
	at org.springframework.boot.devtools.restart.RestartLauncher.run(RestartLauncher.java:49)
Caused by: oracle.net.ns.NetException: The Network Adapter could not establish the connection
	at oracle.net.nt.ConnStrategy.execute(ConnStrategy.java:445)
	at oracle.net.resolver.AddrResolution.resolveAndExecute(AddrResolution.java:464)
	at oracle.net.ns.NSProtocol.establishConnection(NSProtocol.java:594)
	at oracle.net.ns.NSProtocol.connect(NSProtocol.java:229)
	at oracle.jdbc.driver.T4CConnection.connect(T4CConnection.java:1360)
	at oracle.jdbc.driver.T4CConnection.logon(T4CConnection.java:486)
	... 55 common frames omitted
Caused by: java.net.ConnectException: Connection timed out: no further information
	at java.base/sun.nio.ch.Net.pollConnect(Native Method)
	at java.base/sun.nio.ch.Net.pollConnectNow(Net.java:672)
	at java.base/sun.nio.ch.NioSocketImpl.timedFinishConnect(NioSocketImpl.java:549)
	at java.base/sun.nio.ch.NioSocketImpl.connect(NioSocketImpl.java:597)
	at java.base/java.net.SocksSocketImpl.connect(SocksSocketImpl.java:327)
	at java.base/java.net.Socket.connect(Socket.java:633)
	at oracle.net.nt.TcpNTAdapter.connect(TcpNTAdapter.java:162)
	at oracle.net.nt.ConnOption.connect(ConnOption.java:133)
	at oracle.net.nt.ConnStrategy.execute(ConnStrategy.java:411)
	... 60 common frames omitted
2022-05-12 15:35:16,059|WARN |[restartedMain]||HHH000342: Could not obtain connection to query metadata : Erreur d'E/S: The Network Adapter could not establish the connection
2022-05-12 15:35:16,105|INFO |[restartedMain]||HHH000400: Using dialect: org.hibernate.dialect.Oracle10gDialect
2022-05-12 15:35:16,181|INFO |[restartedMain]||HHH000422: Disabling contextual LOB creation as connection was null
2022-05-12 15:35:18,594|INFO |[restartedMain]||HikariPool-1 - Starting...
2022-05-12 15:35:40,650|ERROR|[restartedMain]||HikariPool-1 - Exception during pool initialization.
java.sql.SQLRecoverableException: Erreur d'E/S: The Network Adapter could not establish the connection
	at oracle.jdbc.driver.T4CConnection.logon(T4CConnection.java:673)
	at oracle.jdbc.driver.PhysicalConnection.<init>(PhysicalConnection.java:715)
	at oracle.jdbc.driver.T4CConnection.<init>(T4CConnection.java:385)
	at oracle.jdbc.driver.T4CDriverExtension.getConnection(T4CDriverExtension.java:30)
	at oracle.jdbc.driver.OracleDriver.connect(OracleDriver.java:564)
	at com.zaxxer.hikari.util.DriverDataSource.getConnection(DriverDataSource.java:138)
	at com.zaxxer.hikari.pool.PoolBase.newConnection(PoolBase.java:354)
	at com.zaxxer.hikari.pool.PoolBase.newPoolEntry(PoolBase.java:202)
	at com.zaxxer.hikari.pool.HikariPool.createPoolEntry(HikariPool.java:473)
	at com.zaxxer.hikari.pool.HikariPool.checkFailFast(HikariPool.java:554)
	at com.zaxxer.hikari.pool.HikariPool.<init>(HikariPool.java:115)
	at com.zaxxer.hikari.HikariDataSource.getConnection(HikariDataSource.java:112)
	at org.hibernate.engine.jdbc.connections.internal.DatasourceConnectionProviderImpl.getConnection(DatasourceConnectionProviderImpl.java:122)
	at org.hibernate.internal.SessionFactoryImpl$1.obtainConnection(SessionFactoryImpl.java:459)
	at org.hibernate.hql.spi.id.IdTableHelper.executeIdTableCreationStatements(IdTableHelper.java:67)
	at org.hibernate.hql.spi.id.global.GlobalTemporaryTableBulkIdStrategy.finishPreparation(GlobalTemporaryTableBulkIdStrategy.java:125)
	at org.hibernate.hql.spi.id.global.GlobalTemporaryTableBulkIdStrategy.finishPreparation(GlobalTemporaryTableBulkIdStrategy.java:42)
	at org.hibernate.hql.spi.id.AbstractMultiTableBulkIdStrategyImpl.prepare(AbstractMultiTableBulkIdStrategyImpl.java:88)
	at org.hibernate.internal.SessionFactoryImpl.<init>(SessionFactoryImpl.java:302)
	at org.hibernate.boot.internal.SessionFactoryBuilderImpl.build(SessionFactoryBuilderImpl.java:462)
	at org.hibernate.jpa.boot.internal.EntityManagerFactoryBuilderImpl.build(EntityManagerFactoryBuilderImpl.java:938)
	at org.springframework.orm.jpa.vendor.SpringHibernateJpaPersistenceProvider.createContainerEntityManagerFactory(SpringHibernateJpaPersistenceProvider.java:58)
	at org.springframework.orm.jpa.LocalContainerEntityManagerFactoryBean.createNativeEntityManagerFactory(LocalContainerEntityManagerFactoryBean.java:365)
	at org.springframework.orm.jpa.AbstractEntityManagerFactoryBean.buildNativeEntityManagerFactory(AbstractEntityManagerFactoryBean.java:391)
	at org.springframework.orm.jpa.AbstractEntityManagerFactoryBean.afterPropertiesSet(AbstractEntityManagerFactoryBean.java:378)
	at org.springframework.orm.jpa.LocalContainerEntityManagerFactoryBean.afterPropertiesSet(LocalContainerEntityManagerFactoryBean.java:341)
	at org.springframework.beans.factory.support.AbstractAutowireCapableBeanFactory.invokeInitMethods(AbstractAutowireCapableBeanFactory.java:1855)
	at org.springframework.beans.factory.support.AbstractAutowireCapableBeanFactory.initializeBean(AbstractAutowireCapableBeanFactory.java:1792)
	at org.springframework.beans.factory.support.AbstractAutowireCapableBeanFactory.doCreateBean(AbstractAutowireCapableBeanFactory.java:595)
	at org.springframework.beans.factory.support.AbstractAutowireCapableBeanFactory.createBean(AbstractAutowireCapableBeanFactory.java:517)
	at org.springframework.beans.factory.support.AbstractBeanFactory.lambda$doGetBean$0(AbstractBeanFactory.java:323)
	at org.springframework.beans.factory.support.DefaultSingletonBeanRegistry.getSingleton(DefaultSingletonBeanRegistry.java:222)
	at org.springframework.beans.factory.support.AbstractBeanFactory.doGetBean(AbstractBeanFactory.java:321)
	at org.springframework.beans.factory.support.AbstractBeanFactory.getBean(AbstractBeanFactory.java:202)
	at org.springframework.context.support.AbstractApplicationContext.getBean(AbstractApplicationContext.java:1108)
	at org.springframework.context.support.AbstractApplicationContext.finishBeanFactoryInitialization(AbstractApplicationContext.java:868)
	at org.springframework.context.support.AbstractApplicationContext.refresh(AbstractApplicationContext.java:550)
	at org.springframework.boot.web.servlet.context.ServletWebServerApplicationContext.refresh(ServletWebServerApplicationContext.java:141)
	at org.springframework.boot.SpringApplication.refresh(SpringApplication.java:747)
	at org.springframework.boot.SpringApplication.refreshContext(SpringApplication.java:397)
	at org.springframework.boot.SpringApplication.run(SpringApplication.java:315)
	at org.springframework.boot.SpringApplication.run(SpringApplication.java:1226)
	at org.springframework.boot.SpringApplication.run(SpringApplication.java:1215)
	at com.example.demo.DemoNCG.main(DemoNCG.java:26)
	at java.base/jdk.internal.reflect.NativeMethodAccessorImpl.invoke0(Native Method)
	at java.base/jdk.internal.reflect.NativeMethodAccessorImpl.invoke(NativeMethodAccessorImpl.java:77)
	at java.base/jdk.internal.reflect.DelegatingMethodAccessorImpl.invoke(DelegatingMethodAccessorImpl.java:43)
	at java.base/java.lang.reflect.Method.invoke(Method.java:568)
	at org.springframework.boot.devtools.restart.RestartLauncher.run(RestartLauncher.java:49)
Caused by: oracle.net.ns.NetException: The Network Adapter could not establish the connection
	at oracle.net.nt.ConnStrategy.execute(ConnStrategy.java:445)
	at oracle.net.resolver.AddrResolution.resolveAndExecute(AddrResolution.java:464)
	at oracle.net.ns.NSProtocol.establishConnection(NSProtocol.java:594)
	at oracle.net.ns.NSProtocol.connect(NSProtocol.java:229)
	at oracle.jdbc.driver.T4CConnection.connect(T4CConnection.java:1360)
	at oracle.jdbc.driver.T4CConnection.logon(T4CConnection.java:486)
	... 48 common frames omitted
Caused by: java.net.ConnectException: Connection timed out: no further information
	at java.base/sun.nio.ch.Net.pollConnect(Native Method)
	at java.base/sun.nio.ch.Net.pollConnectNow(Net.java:672)
	at java.base/sun.nio.ch.NioSocketImpl.timedFinishConnect(NioSocketImpl.java:549)
	at java.base/sun.nio.ch.NioSocketImpl.connect(NioSocketImpl.java:597)
	at java.base/java.net.SocksSocketImpl.connect(SocksSocketImpl.java:327)
	at java.base/java.net.Socket.connect(Socket.java:633)
	at oracle.net.nt.TcpNTAdapter.connect(TcpNTAdapter.java:162)
	at oracle.net.nt.ConnOption.connect(ConnOption.java:133)
	at oracle.net.nt.ConnStrategy.execute(ConnStrategy.java:411)
	... 53 common frames omitted
2022-05-12 15:35:40,662|ERROR|[restartedMain]||Unable obtain JDBC Connection
java.sql.SQLRecoverableException: Erreur d'E/S: The Network Adapter could not establish the connection
	at oracle.jdbc.driver.T4CConnection.logon(T4CConnection.java:673)
	at oracle.jdbc.driver.PhysicalConnection.<init>(PhysicalConnection.java:715)
	at oracle.jdbc.driver.T4CConnection.<init>(T4CConnection.java:385)
	at oracle.jdbc.driver.T4CDriverExtension.getConnection(T4CDriverExtension.java:30)
	at oracle.jdbc.driver.OracleDriver.connect(OracleDriver.java:564)
	at com.zaxxer.hikari.util.DriverDataSource.getConnection(DriverDataSource.java:138)
	at com.zaxxer.hikari.pool.PoolBase.newConnection(PoolBase.java:354)
	at com.zaxxer.hikari.pool.PoolBase.newPoolEntry(PoolBase.java:202)
	at com.zaxxer.hikari.pool.HikariPool.createPoolEntry(HikariPool.java:473)
	at com.zaxxer.hikari.pool.HikariPool.checkFailFast(HikariPool.java:554)
	at com.zaxxer.hikari.pool.HikariPool.<init>(HikariPool.java:115)
	at com.zaxxer.hikari.HikariDataSource.getConnection(HikariDataSource.java:112)
	at org.hibernate.engine.jdbc.connections.internal.DatasourceConnectionProviderImpl.getConnection(DatasourceConnectionProviderImpl.java:122)
	at org.hibernate.internal.SessionFactoryImpl$1.obtainConnection(SessionFactoryImpl.java:459)
	at org.hibernate.hql.spi.id.IdTableHelper.executeIdTableCreationStatements(IdTableHelper.java:67)
	at org.hibernate.hql.spi.id.global.GlobalTemporaryTableBulkIdStrategy.finishPreparation(GlobalTemporaryTableBulkIdStrategy.java:125)
	at org.hibernate.hql.spi.id.global.GlobalTemporaryTableBulkIdStrategy.finishPreparation(GlobalTemporaryTableBulkIdStrategy.java:42)
	at org.hibernate.hql.spi.id.AbstractMultiTableBulkIdStrategyImpl.prepare(AbstractMultiTableBulkIdStrategyImpl.java:88)
	at org.hibernate.internal.SessionFactoryImpl.<init>(SessionFactoryImpl.java:302)
	at org.hibernate.boot.internal.SessionFactoryBuilderImpl.build(SessionFactoryBuilderImpl.java:462)
	at org.hibernate.jpa.boot.internal.EntityManagerFactoryBuilderImpl.build(EntityManagerFactoryBuilderImpl.java:938)
	at org.springframework.orm.jpa.vendor.SpringHibernateJpaPersistenceProvider.createContainerEntityManagerFactory(SpringHibernateJpaPersistenceProvider.java:58)
	at org.springframework.orm.jpa.LocalContainerEntityManagerFactoryBean.createNativeEntityManagerFactory(LocalContainerEntityManagerFactoryBean.java:365)
	at org.springframework.orm.jpa.AbstractEntityManagerFactoryBean.buildNativeEntityManagerFactory(AbstractEntityManagerFactoryBean.java:391)
	at org.springframework.orm.jpa.AbstractEntityManagerFactoryBean.afterPropertiesSet(AbstractEntityManagerFactoryBean.java:378)
	at org.springframework.orm.jpa.LocalContainerEntityManagerFactoryBean.afterPropertiesSet(LocalContainerEntityManagerFactoryBean.java:341)
	at org.springframework.beans.factory.support.AbstractAutowireCapableBeanFactory.invokeInitMethods(AbstractAutowireCapableBeanFactory.java:1855)
	at org.springframework.beans.factory.support.AbstractAutowireCapableBeanFactory.initializeBean(AbstractAutowireCapableBeanFactory.java:1792)
	at org.springframework.beans.factory.support.AbstractAutowireCapableBeanFactory.doCreateBean(AbstractAutowireCapableBeanFactory.java:595)
	at org.springframework.beans.factory.support.AbstractAutowireCapableBeanFactory.createBean(AbstractAutowireCapableBeanFactory.java:517)
	at org.springframework.beans.factory.support.AbstractBeanFactory.lambda$doGetBean$0(AbstractBeanFactory.java:323)
	at org.springframework.beans.factory.support.DefaultSingletonBeanRegistry.getSingleton(DefaultSingletonBeanRegistry.java:222)
	at org.springframework.beans.factory.support.AbstractBeanFactory.doGetBean(AbstractBeanFactory.java:321)
	at org.springframework.beans.factory.support.AbstractBeanFactory.getBean(AbstractBeanFactory.java:202)
	at org.springframework.context.support.AbstractApplicationContext.getBean(AbstractApplicationContext.java:1108)
	at org.springframework.context.support.AbstractApplicationContext.finishBeanFactoryInitialization(AbstractApplicationContext.java:868)
	at org.springframework.context.support.AbstractApplicationContext.refresh(AbstractApplicationContext.java:550)
	at org.springframework.boot.web.servlet.context.ServletWebServerApplicationContext.refresh(ServletWebServerApplicationContext.java:141)
	at org.springframework.boot.SpringApplication.refresh(SpringApplication.java:747)
	at org.springframework.boot.SpringApplication.refreshContext(SpringApplication.java:397)
	at org.springframework.boot.SpringApplication.run(SpringApplication.java:315)
	at org.springframework.boot.SpringApplication.run(SpringApplication.java:1226)
	at org.springframework.boot.SpringApplication.run(SpringApplication.java:1215)
	at com.example.demo.DemoNCG.main(DemoNCG.java:26)
	at java.base/jdk.internal.reflect.NativeMethodAccessorImpl.invoke0(Native Method)
	at java.base/jdk.internal.reflect.NativeMethodAccessorImpl.invoke(NativeMethodAccessorImpl.java:77)
	at java.base/jdk.internal.reflect.DelegatingMethodAccessorImpl.invoke(DelegatingMethodAccessorImpl.java:43)
	at java.base/java.lang.reflect.Method.invoke(Method.java:568)
	at org.springframework.boot.devtools.restart.RestartLauncher.run(RestartLauncher.java:49)
Caused by: oracle.net.ns.NetException: The Network Adapter could not establish the connection
	at oracle.net.nt.ConnStrategy.execute(ConnStrategy.java:445)
	at oracle.net.resolver.AddrResolution.resolveAndExecute(AddrResolution.java:464)
	at oracle.net.ns.NSProtocol.establishConnection(NSProtocol.java:594)
	at oracle.net.ns.NSProtocol.connect(NSProtocol.java:229)
	at oracle.jdbc.driver.T4CConnection.connect(T4CConnection.java:1360)
	at oracle.jdbc.driver.T4CConnection.logon(T4CConnection.java:486)
	... 48 common frames omitted
Caused by: java.net.ConnectException: Connection timed out: no further information
	at java.base/sun.nio.ch.Net.pollConnect(Native Method)
	at java.base/sun.nio.ch.Net.pollConnectNow(Net.java:672)
	at java.base/sun.nio.ch.NioSocketImpl.timedFinishConnect(NioSocketImpl.java:549)
	at java.base/sun.nio.ch.NioSocketImpl.connect(NioSocketImpl.java:597)
	at java.base/java.net.SocksSocketImpl.connect(SocksSocketImpl.java:327)
	at java.base/java.net.Socket.connect(Socket.java:633)
	at oracle.net.nt.TcpNTAdapter.connect(TcpNTAdapter.java:162)
	at oracle.net.nt.ConnOption.connect(ConnOption.java:133)
	at oracle.net.nt.ConnStrategy.execute(ConnStrategy.java:411)
	... 53 common frames omitted
2022-05-12 15:35:40,707|INFO |[restartedMain]||HHH000490: Using JtaPlatform implementation: [org.hibernate.engine.transaction.jta.platform.internal.NoJtaPlatform]
2022-05-12 15:35:40,714|INFO |[restartedMain]||Initialized JPA EntityManagerFactory for persistence unit 'default'
2022-05-12 15:35:40,734|WARN |[restartedMain]||Exception encountered during context initialization - cancelling refresh attempt: org.springframework.beans.factory.UnsatisfiedDependencyException: Error creating bean with name 'demoNCG': Unsatisfied dependency expressed through field 'repository'; nested exception is org.springframework.beans.factory.NoSuchBeanDefinitionException: No qualifying bean of type 'com.netflix.client.IClient<?, ?>' available: expected at least 1 bean which qualifies as autowire candidate. Dependency annotations: {@org.springframework.beans.factory.annotation.Autowired(required=true)}
2022-05-12 15:35:40,735|INFO |[restartedMain]||Closing JPA EntityManagerFactory for persistence unit 'default'
2022-05-12 15:35:40,743|INFO |[restartedMain]||Stopping service [Tomcat]
2022-05-12 15:35:40,773|INFO |[restartedMain]||

Error starting ApplicationContext. To display the conditions report re-run your application with 'debug' enabled.
2022-05-12 15:35:41,337|ERROR|[restartedMain]||

***************************
APPLICATION FAILED TO START
***************************

Description:

Field repository in com.example.demo.DemoNCG required a bean of type 'com.netflix.client.IClient' that could not be found.

The injection point has the following annotations:
	- @org.springframework.beans.factory.annotation.Autowired(required=true)


Action:

Consider defining a bean of type 'com.netflix.client.IClient' in your configuration.

2022-05-12 15:36:52,168|INFO |[restartedMain]||The Class-Path manifest attribute in C:\Users\lenovo\.m2\repository\org\glassfish\jaxb\jaxb-runtime\2.3.2\jaxb-runtime-2.3.2.jar referenced one or more files that do not exist: file:/C:/Users/lenovo/.m2/repository/org/glassfish/jaxb/jaxb-runtime/2.3.2/jakarta.xml.bind-api-2.3.2.jar,file:/C:/Users/lenovo/.m2/repository/org/glassfish/jaxb/jaxb-runtime/2.3.2/txw2-2.3.2.jar,file:/C:/Users/lenovo/.m2/repository/org/glassfish/jaxb/jaxb-runtime/2.3.2/istack-commons-runtime-3.0.8.jar,file:/C:/Users/lenovo/.m2/repository/org/glassfish/jaxb/jaxb-runtime/2.3.2/stax-ex-1.8.1.jar,file:/C:/Users/lenovo/.m2/repository/org/glassfish/jaxb/jaxb-runtime/2.3.2/FastInfoset-1.2.16.jar,file:/C:/Users/lenovo/.m2/repository/org/glassfish/jaxb/jaxb-runtime/2.3.2/jakarta.activation-api-1.2.1.jar
2022-05-12 15:36:52,186|INFO |[restartedMain]||Devtools property defaults active! Set 'spring.devtools.add-properties' to 'false' to disable
2022-05-12 15:36:56,822|INFO |[restartedMain]||No active profile set, falling back to default profiles: default
2022-05-12 15:37:00,426|INFO |[restartedMain]||Bootstrapping Spring Data JPA repositories in DEFAULT mode.
2022-05-12 15:37:01,916|INFO |[restartedMain]||Finished Spring Data repository scanning in 1432ms. Found 1 JPA repository interfaces.
2022-05-12 15:37:02,999|INFO |[restartedMain]||BeanFactory id=850b2bea-8f52-3a88-be71-4546ae52f206
2022-05-12 15:37:03,560|INFO |[restartedMain]||Bean 'org.springframework.cloud.client.loadbalancer.reactive.LoadBalancerBeanPostProcessorAutoConfiguration' of type [org.springframework.cloud.client.loadbalancer.reactive.LoadBalancerBeanPostProcessorAutoConfiguration] is not eligible for getting processed by all BeanPostProcessors (for example: not eligible for auto-proxying)
2022-05-12 15:37:03,565|INFO |[restartedMain]||Bean 'org.springframework.cloud.client.loadbalancer.reactive.LoadBalancerBeanPostProcessorAutoConfiguration$ReactiveLoadBalancerConfig' of type [org.springframework.cloud.client.loadbalancer.reactive.LoadBalancerBeanPostProcessorAutoConfiguration$ReactiveLoadBalancerConfig] is not eligible for getting processed by all BeanPostProcessors (for example: not eligible for auto-proxying)
2022-05-12 15:37:03,570|INFO |[restartedMain]||Bean 'deferringLoadBalancerExchangeFilterFunction' of type [org.springframework.cloud.client.loadbalancer.reactive.DeferringLoadBalancerExchangeFilterFunction] is not eligible for getting processed by all BeanPostProcessors (for example: not eligible for auto-proxying)
2022-05-12 15:37:04,862|INFO |[restartedMain]||Tomcat initialized with port(s): 8883 (http)
2022-05-12 15:37:04,889|INFO |[restartedMain]||Initializing ProtocolHandler ["http-nio-8883"]
2022-05-12 15:37:04,892|INFO |[restartedMain]||Starting service [Tomcat]
2022-05-12 15:37:04,895|INFO |[restartedMain]||Starting Servlet engine: [Apache Tomcat/9.0.31]
2022-05-12 15:37:05,216|INFO |[restartedMain]||Initializing Spring embedded WebApplicationContext
2022-05-12 15:37:05,218|INFO |[restartedMain]||Root WebApplicationContext: initialization completed in 8307 ms
2022-05-12 15:37:06,013|INFO |[restartedMain]||HHH000204: Processing PersistenceUnitInfo [
	name: default
	...]
2022-05-12 15:37:06,198|INFO |[restartedMain]||HHH000412: Hibernate Core {5.4.0.Final}
2022-05-12 15:37:06,203|INFO |[restartedMain]||HHH000206: hibernate.properties not found
2022-05-12 15:37:06,648|INFO |[restartedMain]||HCANN000001: Hibernate Commons Annotations {5.1.0.Final}
2022-05-12 15:37:06,911|INFO |[restartedMain]||HikariPool-1 - Starting...
2022-05-12 15:37:29,282|ERROR|[restartedMain]||HikariPool-1 - Exception during pool initialization.
java.sql.SQLRecoverableException: Erreur d'E/S: The Network Adapter could not establish the connection
	at oracle.jdbc.driver.T4CConnection.logon(T4CConnection.java:673)
	at oracle.jdbc.driver.PhysicalConnection.<init>(PhysicalConnection.java:715)
	at oracle.jdbc.driver.T4CConnection.<init>(T4CConnection.java:385)
	at oracle.jdbc.driver.T4CDriverExtension.getConnection(T4CDriverExtension.java:30)
	at oracle.jdbc.driver.OracleDriver.connect(OracleDriver.java:564)
	at com.zaxxer.hikari.util.DriverDataSource.getConnection(DriverDataSource.java:138)
	at com.zaxxer.hikari.pool.PoolBase.newConnection(PoolBase.java:354)
	at com.zaxxer.hikari.pool.PoolBase.newPoolEntry(PoolBase.java:202)
	at com.zaxxer.hikari.pool.HikariPool.createPoolEntry(HikariPool.java:473)
	at com.zaxxer.hikari.pool.HikariPool.checkFailFast(HikariPool.java:554)
	at com.zaxxer.hikari.pool.HikariPool.<init>(HikariPool.java:115)
	at com.zaxxer.hikari.HikariDataSource.getConnection(HikariDataSource.java:112)
	at org.hibernate.engine.jdbc.connections.internal.DatasourceConnectionProviderImpl.getConnection(DatasourceConnectionProviderImpl.java:122)
	at org.hibernate.engine.jdbc.env.internal.JdbcEnvironmentInitiator$ConnectionProviderJdbcConnectionAccess.obtainConnection(JdbcEnvironmentInitiator.java:180)
	at org.hibernate.engine.jdbc.env.internal.JdbcEnvironmentInitiator.initiateService(JdbcEnvironmentInitiator.java:68)
	at org.hibernate.engine.jdbc.env.internal.JdbcEnvironmentInitiator.initiateService(JdbcEnvironmentInitiator.java:35)
	at org.hibernate.boot.registry.internal.StandardServiceRegistryImpl.initiateService(StandardServiceRegistryImpl.java:94)
	at org.hibernate.service.internal.AbstractServiceRegistryImpl.createService(AbstractServiceRegistryImpl.java:263)
	at org.hibernate.service.internal.AbstractServiceRegistryImpl.initializeService(AbstractServiceRegistryImpl.java:237)
	at org.hibernate.service.internal.AbstractServiceRegistryImpl.getService(AbstractServiceRegistryImpl.java:214)
	at org.hibernate.id.factory.internal.DefaultIdentifierGeneratorFactory.injectServices(DefaultIdentifierGeneratorFactory.java:152)
	at org.hibernate.service.internal.AbstractServiceRegistryImpl.injectDependencies(AbstractServiceRegistryImpl.java:286)
	at org.hibernate.service.internal.AbstractServiceRegistryImpl.initializeService(AbstractServiceRegistryImpl.java:243)
	at org.hibernate.service.internal.AbstractServiceRegistryImpl.getService(AbstractServiceRegistryImpl.java:214)
	at org.hibernate.boot.internal.InFlightMetadataCollectorImpl.<init>(InFlightMetadataCollectorImpl.java:175)
	at org.hibernate.boot.model.process.spi.MetadataBuildingProcess.complete(MetadataBuildingProcess.java:119)
	at org.hibernate.jpa.boot.internal.EntityManagerFactoryBuilderImpl.metadata(EntityManagerFactoryBuilderImpl.java:903)
	at org.hibernate.jpa.boot.internal.EntityManagerFactoryBuilderImpl.build(EntityManagerFactoryBuilderImpl.java:934)
	at org.springframework.orm.jpa.vendor.SpringHibernateJpaPersistenceProvider.createContainerEntityManagerFactory(SpringHibernateJpaPersistenceProvider.java:58)
	at org.springframework.orm.jpa.LocalContainerEntityManagerFactoryBean.createNativeEntityManagerFactory(LocalContainerEntityManagerFactoryBean.java:365)
	at org.springframework.orm.jpa.AbstractEntityManagerFactoryBean.buildNativeEntityManagerFactory(AbstractEntityManagerFactoryBean.java:391)
	at org.springframework.orm.jpa.AbstractEntityManagerFactoryBean.afterPropertiesSet(AbstractEntityManagerFactoryBean.java:378)
	at org.springframework.orm.jpa.LocalContainerEntityManagerFactoryBean.afterPropertiesSet(LocalContainerEntityManagerFactoryBean.java:341)
	at org.springframework.beans.factory.support.AbstractAutowireCapableBeanFactory.invokeInitMethods(AbstractAutowireCapableBeanFactory.java:1855)
	at org.springframework.beans.factory.support.AbstractAutowireCapableBeanFactory.initializeBean(AbstractAutowireCapableBeanFactory.java:1792)
	at org.springframework.beans.factory.support.AbstractAutowireCapableBeanFactory.doCreateBean(AbstractAutowireCapableBeanFactory.java:595)
	at org.springframework.beans.factory.support.AbstractAutowireCapableBeanFactory.createBean(AbstractAutowireCapableBeanFactory.java:517)
	at org.springframework.beans.factory.support.AbstractBeanFactory.lambda$doGetBean$0(AbstractBeanFactory.java:323)
	at org.springframework.beans.factory.support.DefaultSingletonBeanRegistry.getSingleton(DefaultSingletonBeanRegistry.java:222)
	at org.springframework.beans.factory.support.AbstractBeanFactory.doGetBean(AbstractBeanFactory.java:321)
	at org.springframework.beans.factory.support.AbstractBeanFactory.getBean(AbstractBeanFactory.java:202)
	at org.springframework.context.support.AbstractApplicationContext.getBean(AbstractApplicationContext.java:1108)
	at org.springframework.context.support.AbstractApplicationContext.finishBeanFactoryInitialization(AbstractApplicationContext.java:868)
	at org.springframework.context.support.AbstractApplicationContext.refresh(AbstractApplicationContext.java:550)
	at org.springframework.boot.web.servlet.context.ServletWebServerApplicationContext.refresh(ServletWebServerApplicationContext.java:141)
	at org.springframework.boot.SpringApplication.refresh(SpringApplication.java:747)
	at org.springframework.boot.SpringApplication.refreshContext(SpringApplication.java:397)
	at org.springframework.boot.SpringApplication.run(SpringApplication.java:315)
	at org.springframework.boot.SpringApplication.run(SpringApplication.java:1226)
	at org.springframework.boot.SpringApplication.run(SpringApplication.java:1215)
	at com.example.demo.DemoNCG.main(DemoNCG.java:26)
	at java.base/jdk.internal.reflect.NativeMethodAccessorImpl.invoke0(Native Method)
	at java.base/jdk.internal.reflect.NativeMethodAccessorImpl.invoke(NativeMethodAccessorImpl.java:77)
	at java.base/jdk.internal.reflect.DelegatingMethodAccessorImpl.invoke(DelegatingMethodAccessorImpl.java:43)
	at java.base/java.lang.reflect.Method.invoke(Method.java:568)
	at org.springframework.boot.devtools.restart.RestartLauncher.run(RestartLauncher.java:49)
Caused by: oracle.net.ns.NetException: The Network Adapter could not establish the connection
	at oracle.net.nt.ConnStrategy.execute(ConnStrategy.java:445)
	at oracle.net.resolver.AddrResolution.resolveAndExecute(AddrResolution.java:464)
	at oracle.net.ns.NSProtocol.establishConnection(NSProtocol.java:594)
	at oracle.net.ns.NSProtocol.connect(NSProtocol.java:229)
	at oracle.jdbc.driver.T4CConnection.connect(T4CConnection.java:1360)
	at oracle.jdbc.driver.T4CConnection.logon(T4CConnection.java:486)
	... 55 common frames omitted
Caused by: java.net.ConnectException: Connection timed out: no further information
	at java.base/sun.nio.ch.Net.pollConnect(Native Method)
	at java.base/sun.nio.ch.Net.pollConnectNow(Net.java:672)
	at java.base/sun.nio.ch.NioSocketImpl.timedFinishConnect(NioSocketImpl.java:549)
	at java.base/sun.nio.ch.NioSocketImpl.connect(NioSocketImpl.java:597)
	at java.base/java.net.SocksSocketImpl.connect(SocksSocketImpl.java:327)
	at java.base/java.net.Socket.connect(Socket.java:633)
	at oracle.net.nt.TcpNTAdapter.connect(TcpNTAdapter.java:162)
	at oracle.net.nt.ConnOption.connect(ConnOption.java:133)
	at oracle.net.nt.ConnStrategy.execute(ConnStrategy.java:411)
	... 60 common frames omitted
2022-05-12 15:37:29,284|WARN |[restartedMain]||HHH000342: Could not obtain connection to query metadata : Erreur d'E/S: The Network Adapter could not establish the connection
2022-05-12 15:37:29,326|INFO |[restartedMain]||HHH000400: Using dialect: org.hibernate.dialect.Oracle10gDialect
2022-05-12 15:37:29,355|INFO |[restartedMain]||HHH000422: Disabling contextual LOB creation as connection was null
2022-05-12 15:37:30,774|INFO |[restartedMain]||HikariPool-1 - Starting...
2022-05-12 15:37:52,847|ERROR|[restartedMain]||HikariPool-1 - Exception during pool initialization.
java.sql.SQLRecoverableException: Erreur d'E/S: The Network Adapter could not establish the connection
	at oracle.jdbc.driver.T4CConnection.logon(T4CConnection.java:673)
	at oracle.jdbc.driver.PhysicalConnection.<init>(PhysicalConnection.java:715)
	at oracle.jdbc.driver.T4CConnection.<init>(T4CConnection.java:385)
	at oracle.jdbc.driver.T4CDriverExtension.getConnection(T4CDriverExtension.java:30)
	at oracle.jdbc.driver.OracleDriver.connect(OracleDriver.java:564)
	at com.zaxxer.hikari.util.DriverDataSource.getConnection(DriverDataSource.java:138)
	at com.zaxxer.hikari.pool.PoolBase.newConnection(PoolBase.java:354)
	at com.zaxxer.hikari.pool.PoolBase.newPoolEntry(PoolBase.java:202)
	at com.zaxxer.hikari.pool.HikariPool.createPoolEntry(HikariPool.java:473)
	at com.zaxxer.hikari.pool.HikariPool.checkFailFast(HikariPool.java:554)
	at com.zaxxer.hikari.pool.HikariPool.<init>(HikariPool.java:115)
	at com.zaxxer.hikari.HikariDataSource.getConnection(HikariDataSource.java:112)
	at org.hibernate.engine.jdbc.connections.internal.DatasourceConnectionProviderImpl.getConnection(DatasourceConnectionProviderImpl.java:122)
	at org.hibernate.internal.SessionFactoryImpl$1.obtainConnection(SessionFactoryImpl.java:459)
	at org.hibernate.hql.spi.id.IdTableHelper.executeIdTableCreationStatements(IdTableHelper.java:67)
	at org.hibernate.hql.spi.id.global.GlobalTemporaryTableBulkIdStrategy.finishPreparation(GlobalTemporaryTableBulkIdStrategy.java:125)
	at org.hibernate.hql.spi.id.global.GlobalTemporaryTableBulkIdStrategy.finishPreparation(GlobalTemporaryTableBulkIdStrategy.java:42)
	at org.hibernate.hql.spi.id.AbstractMultiTableBulkIdStrategyImpl.prepare(AbstractMultiTableBulkIdStrategyImpl.java:88)
	at org.hibernate.internal.SessionFactoryImpl.<init>(SessionFactoryImpl.java:302)
	at org.hibernate.boot.internal.SessionFactoryBuilderImpl.build(SessionFactoryBuilderImpl.java:462)
	at org.hibernate.jpa.boot.internal.EntityManagerFactoryBuilderImpl.build(EntityManagerFactoryBuilderImpl.java:938)
	at org.springframework.orm.jpa.vendor.SpringHibernateJpaPersistenceProvider.createContainerEntityManagerFactory(SpringHibernateJpaPersistenceProvider.java:58)
	at org.springframework.orm.jpa.LocalContainerEntityManagerFactoryBean.createNativeEntityManagerFactory(LocalContainerEntityManagerFactoryBean.java:365)
	at org.springframework.orm.jpa.AbstractEntityManagerFactoryBean.buildNativeEntityManagerFactory(AbstractEntityManagerFactoryBean.java:391)
	at org.springframework.orm.jpa.AbstractEntityManagerFactoryBean.afterPropertiesSet(AbstractEntityManagerFactoryBean.java:378)
	at org.springframework.orm.jpa.LocalContainerEntityManagerFactoryBean.afterPropertiesSet(LocalContainerEntityManagerFactoryBean.java:341)
	at org.springframework.beans.factory.support.AbstractAutowireCapableBeanFactory.invokeInitMethods(AbstractAutowireCapableBeanFactory.java:1855)
	at org.springframework.beans.factory.support.AbstractAutowireCapableBeanFactory.initializeBean(AbstractAutowireCapableBeanFactory.java:1792)
	at org.springframework.beans.factory.support.AbstractAutowireCapableBeanFactory.doCreateBean(AbstractAutowireCapableBeanFactory.java:595)
	at org.springframework.beans.factory.support.AbstractAutowireCapableBeanFactory.createBean(AbstractAutowireCapableBeanFactory.java:517)
	at org.springframework.beans.factory.support.AbstractBeanFactory.lambda$doGetBean$0(AbstractBeanFactory.java:323)
	at org.springframework.beans.factory.support.DefaultSingletonBeanRegistry.getSingleton(DefaultSingletonBeanRegistry.java:222)
	at org.springframework.beans.factory.support.AbstractBeanFactory.doGetBean(AbstractBeanFactory.java:321)
	at org.springframework.beans.factory.support.AbstractBeanFactory.getBean(AbstractBeanFactory.java:202)
	at org.springframework.context.support.AbstractApplicationContext.getBean(AbstractApplicationContext.java:1108)
	at org.springframework.context.support.AbstractApplicationContext.finishBeanFactoryInitialization(AbstractApplicationContext.java:868)
	at org.springframework.context.support.AbstractApplicationContext.refresh(AbstractApplicationContext.java:550)
	at org.springframework.boot.web.servlet.context.ServletWebServerApplicationContext.refresh(ServletWebServerApplicationContext.java:141)
	at org.springframework.boot.SpringApplication.refresh(SpringApplication.java:747)
	at org.springframework.boot.SpringApplication.refreshContext(SpringApplication.java:397)
	at org.springframework.boot.SpringApplication.run(SpringApplication.java:315)
	at org.springframework.boot.SpringApplication.run(SpringApplication.java:1226)
	at org.springframework.boot.SpringApplication.run(SpringApplication.java:1215)
	at com.example.demo.DemoNCG.main(DemoNCG.java:26)
	at java.base/jdk.internal.reflect.NativeMethodAccessorImpl.invoke0(Native Method)
	at java.base/jdk.internal.reflect.NativeMethodAccessorImpl.invoke(NativeMethodAccessorImpl.java:77)
	at java.base/jdk.internal.reflect.DelegatingMethodAccessorImpl.invoke(DelegatingMethodAccessorImpl.java:43)
	at java.base/java.lang.reflect.Method.invoke(Method.java:568)
	at org.springframework.boot.devtools.restart.RestartLauncher.run(RestartLauncher.java:49)
Caused by: oracle.net.ns.NetException: The Network Adapter could not establish the connection
	at oracle.net.nt.ConnStrategy.execute(ConnStrategy.java:445)
	at oracle.net.resolver.AddrResolution.resolveAndExecute(AddrResolution.java:464)
	at oracle.net.ns.NSProtocol.establishConnection(NSProtocol.java:594)
	at oracle.net.ns.NSProtocol.connect(NSProtocol.java:229)
	at oracle.jdbc.driver.T4CConnection.connect(T4CConnection.java:1360)
	at oracle.jdbc.driver.T4CConnection.logon(T4CConnection.java:486)
	... 48 common frames omitted
Caused by: java.net.ConnectException: Connection timed out: no further information
	at java.base/sun.nio.ch.Net.pollConnect(Native Method)
	at java.base/sun.nio.ch.Net.pollConnectNow(Net.java:672)
	at java.base/sun.nio.ch.NioSocketImpl.timedFinishConnect(NioSocketImpl.java:549)
	at java.base/sun.nio.ch.NioSocketImpl.connect(NioSocketImpl.java:597)
	at java.base/java.net.SocksSocketImpl.connect(SocksSocketImpl.java:327)
	at java.base/java.net.Socket.connect(Socket.java:633)
	at oracle.net.nt.TcpNTAdapter.connect(TcpNTAdapter.java:162)
	at oracle.net.nt.ConnOption.connect(ConnOption.java:133)
	at oracle.net.nt.ConnStrategy.execute(ConnStrategy.java:411)
	... 53 common frames omitted
2022-05-12 15:37:52,858|ERROR|[restartedMain]||Unable obtain JDBC Connection
java.sql.SQLRecoverableException: Erreur d'E/S: The Network Adapter could not establish the connection
	at oracle.jdbc.driver.T4CConnection.logon(T4CConnection.java:673)
	at oracle.jdbc.driver.PhysicalConnection.<init>(PhysicalConnection.java:715)
	at oracle.jdbc.driver.T4CConnection.<init>(T4CConnection.java:385)
	at oracle.jdbc.driver.T4CDriverExtension.getConnection(T4CDriverExtension.java:30)
	at oracle.jdbc.driver.OracleDriver.connect(OracleDriver.java:564)
	at com.zaxxer.hikari.util.DriverDataSource.getConnection(DriverDataSource.java:138)
	at com.zaxxer.hikari.pool.PoolBase.newConnection(PoolBase.java:354)
	at com.zaxxer.hikari.pool.PoolBase.newPoolEntry(PoolBase.java:202)
	at com.zaxxer.hikari.pool.HikariPool.createPoolEntry(HikariPool.java:473)
	at com.zaxxer.hikari.pool.HikariPool.checkFailFast(HikariPool.java:554)
	at com.zaxxer.hikari.pool.HikariPool.<init>(HikariPool.java:115)
	at com.zaxxer.hikari.HikariDataSource.getConnection(HikariDataSource.java:112)
	at org.hibernate.engine.jdbc.connections.internal.DatasourceConnectionProviderImpl.getConnection(DatasourceConnectionProviderImpl.java:122)
	at org.hibernate.internal.SessionFactoryImpl$1.obtainConnection(SessionFactoryImpl.java:459)
	at org.hibernate.hql.spi.id.IdTableHelper.executeIdTableCreationStatements(IdTableHelper.java:67)
	at org.hibernate.hql.spi.id.global.GlobalTemporaryTableBulkIdStrategy.finishPreparation(GlobalTemporaryTableBulkIdStrategy.java:125)
	at org.hibernate.hql.spi.id.global.GlobalTemporaryTableBulkIdStrategy.finishPreparation(GlobalTemporaryTableBulkIdStrategy.java:42)
	at org.hibernate.hql.spi.id.AbstractMultiTableBulkIdStrategyImpl.prepare(AbstractMultiTableBulkIdStrategyImpl.java:88)
	at org.hibernate.internal.SessionFactoryImpl.<init>(SessionFactoryImpl.java:302)
	at org.hibernate.boot.internal.SessionFactoryBuilderImpl.build(SessionFactoryBuilderImpl.java:462)
	at org.hibernate.jpa.boot.internal.EntityManagerFactoryBuilderImpl.build(EntityManagerFactoryBuilderImpl.java:938)
	at org.springframework.orm.jpa.vendor.SpringHibernateJpaPersistenceProvider.createContainerEntityManagerFactory(SpringHibernateJpaPersistenceProvider.java:58)
	at org.springframework.orm.jpa.LocalContainerEntityManagerFactoryBean.createNativeEntityManagerFactory(LocalContainerEntityManagerFactoryBean.java:365)
	at org.springframework.orm.jpa.AbstractEntityManagerFactoryBean.buildNativeEntityManagerFactory(AbstractEntityManagerFactoryBean.java:391)
	at org.springframework.orm.jpa.AbstractEntityManagerFactoryBean.afterPropertiesSet(AbstractEntityManagerFactoryBean.java:378)
	at org.springframework.orm.jpa.LocalContainerEntityManagerFactoryBean.afterPropertiesSet(LocalContainerEntityManagerFactoryBean.java:341)
	at org.springframework.beans.factory.support.AbstractAutowireCapableBeanFactory.invokeInitMethods(AbstractAutowireCapableBeanFactory.java:1855)
	at org.springframework.beans.factory.support.AbstractAutowireCapableBeanFactory.initializeBean(AbstractAutowireCapableBeanFactory.java:1792)
	at org.springframework.beans.factory.support.AbstractAutowireCapableBeanFactory.doCreateBean(AbstractAutowireCapableBeanFactory.java:595)
	at org.springframework.beans.factory.support.AbstractAutowireCapableBeanFactory.createBean(AbstractAutowireCapableBeanFactory.java:517)
	at org.springframework.beans.factory.support.AbstractBeanFactory.lambda$doGetBean$0(AbstractBeanFactory.java:323)
	at org.springframework.beans.factory.support.DefaultSingletonBeanRegistry.getSingleton(DefaultSingletonBeanRegistry.java:222)
	at org.springframework.beans.factory.support.AbstractBeanFactory.doGetBean(AbstractBeanFactory.java:321)
	at org.springframework.beans.factory.support.AbstractBeanFactory.getBean(AbstractBeanFactory.java:202)
	at org.springframework.context.support.AbstractApplicationContext.getBean(AbstractApplicationContext.java:1108)
	at org.springframework.context.support.AbstractApplicationContext.finishBeanFactoryInitialization(AbstractApplicationContext.java:868)
	at org.springframework.context.support.AbstractApplicationContext.refresh(AbstractApplicationContext.java:550)
	at org.springframework.boot.web.servlet.context.ServletWebServerApplicationContext.refresh(ServletWebServerApplicationContext.java:141)
	at org.springframework.boot.SpringApplication.refresh(SpringApplication.java:747)
	at org.springframework.boot.SpringApplication.refreshContext(SpringApplication.java:397)
	at org.springframework.boot.SpringApplication.run(SpringApplication.java:315)
	at org.springframework.boot.SpringApplication.run(SpringApplication.java:1226)
	at org.springframework.boot.SpringApplication.run(SpringApplication.java:1215)
	at com.example.demo.DemoNCG.main(DemoNCG.java:26)
	at java.base/jdk.internal.reflect.NativeMethodAccessorImpl.invoke0(Native Method)
	at java.base/jdk.internal.reflect.NativeMethodAccessorImpl.invoke(NativeMethodAccessorImpl.java:77)
	at java.base/jdk.internal.reflect.DelegatingMethodAccessorImpl.invoke(DelegatingMethodAccessorImpl.java:43)
	at java.base/java.lang.reflect.Method.invoke(Method.java:568)
	at org.springframework.boot.devtools.restart.RestartLauncher.run(RestartLauncher.java:49)
Caused by: oracle.net.ns.NetException: The Network Adapter could not establish the connection
	at oracle.net.nt.ConnStrategy.execute(ConnStrategy.java:445)
	at oracle.net.resolver.AddrResolution.resolveAndExecute(AddrResolution.java:464)
	at oracle.net.ns.NSProtocol.establishConnection(NSProtocol.java:594)
	at oracle.net.ns.NSProtocol.connect(NSProtocol.java:229)
	at oracle.jdbc.driver.T4CConnection.connect(T4CConnection.java:1360)
	at oracle.jdbc.driver.T4CConnection.logon(T4CConnection.java:486)
	... 48 common frames omitted
Caused by: java.net.ConnectException: Connection timed out: no further information
	at java.base/sun.nio.ch.Net.pollConnect(Native Method)
	at java.base/sun.nio.ch.Net.pollConnectNow(Net.java:672)
	at java.base/sun.nio.ch.NioSocketImpl.timedFinishConnect(NioSocketImpl.java:549)
	at java.base/sun.nio.ch.NioSocketImpl.connect(NioSocketImpl.java:597)
	at java.base/java.net.SocksSocketImpl.connect(SocksSocketImpl.java:327)
	at java.base/java.net.Socket.connect(Socket.java:633)
	at oracle.net.nt.TcpNTAdapter.connect(TcpNTAdapter.java:162)
	at oracle.net.nt.ConnOption.connect(ConnOption.java:133)
	at oracle.net.nt.ConnStrategy.execute(ConnStrategy.java:411)
	... 53 common frames omitted
2022-05-12 15:37:52,878|INFO |[restartedMain]||HHH000490: Using JtaPlatform implementation: [org.hibernate.engine.transaction.jta.platform.internal.NoJtaPlatform]
2022-05-12 15:37:52,897|INFO |[restartedMain]||Initialized JPA EntityManagerFactory for persistence unit 'default'
2022-05-12 15:37:52,915|WARN |[restartedMain]||Exception encountered during context initialization - cancelling refresh attempt: org.springframework.beans.factory.UnsatisfiedDependencyException: Error creating bean with name 'demoNCG': Unsatisfied dependency expressed through field 'repository'; nested exception is org.springframework.beans.factory.NoSuchBeanDefinitionException: No qualifying bean of type 'com.netflix.client.IClient<?, ?>' available: expected at least 1 bean which qualifies as autowire candidate. Dependency annotations: {@org.springframework.beans.factory.annotation.Autowired(required=true)}
2022-05-12 15:37:52,916|INFO |[restartedMain]||Closing JPA EntityManagerFactory for persistence unit 'default'
2022-05-12 15:37:52,928|INFO |[restartedMain]||Stopping service [Tomcat]
2022-05-12 15:37:52,959|INFO |[restartedMain]||

Error starting ApplicationContext. To display the conditions report re-run your application with 'debug' enabled.
2022-05-12 15:37:53,427|ERROR|[restartedMain]||

***************************
APPLICATION FAILED TO START
***************************

Description:

Field repository in com.example.demo.DemoNCG required a bean of type 'com.netflix.client.IClient' that could not be found.

The injection point has the following annotations:
	- @org.springframework.beans.factory.annotation.Autowired(required=true)


Action:

Consider defining a bean of type 'com.netflix.client.IClient' in your configuration.

