2022-07-19 16:59:22,506|INFO |[restartedMain]||Starting DemoNCGL on DESKTOP-S6OKOUJ with PID 19652 (C:\mission\BOA\java\demoNCGL\target\classes started by lenovo in C:\mission\BOA\java\demoNCGL)
2022-07-19 16:59:22,693|INFO |[restartedMain]||No active profile set, falling back to default profiles: default
2022-07-19 16:59:23,673|INFO |[restartedMain]||The Class-Path manifest attribute in C:\Users\lenovo\.m2\repository\org\glassfish\jaxb\jaxb-runtime\2.3.2\jaxb-runtime-2.3.2.jar referenced one or more files that do not exist: file:/C:/Users/lenovo/.m2/repository/org/glassfish/jaxb/jaxb-runtime/2.3.2/jakarta.xml.bind-api-2.3.2.jar,file:/C:/Users/lenovo/.m2/repository/org/glassfish/jaxb/jaxb-runtime/2.3.2/txw2-2.3.2.jar,file:/C:/Users/lenovo/.m2/repository/org/glassfish/jaxb/jaxb-runtime/2.3.2/istack-commons-runtime-3.0.8.jar,file:/C:/Users/lenovo/.m2/repository/org/glassfish/jaxb/jaxb-runtime/2.3.2/stax-ex-1.8.1.jar,file:/C:/Users/lenovo/.m2/repository/org/glassfish/jaxb/jaxb-runtime/2.3.2/FastInfoset-1.2.16.jar,file:/C:/Users/lenovo/.m2/repository/org/glassfish/jaxb/jaxb-runtime/2.3.2/jakarta.activation-api-1.2.1.jar
2022-07-19 16:59:23,674|INFO |[restartedMain]||Devtools property defaults active! Set 'spring.devtools.add-properties' to 'false' to disable
2022-07-19 16:59:23,677|INFO |[restartedMain]||For additional web related logging consider setting the 'logging.level.web' property to 'DEBUG'
2022-07-19 16:59:38,775|INFO |[restartedMain]||Bootstrapping Spring Data JPA repositories in DEFAULT mode.
2022-07-19 16:59:40,611|INFO |[restartedMain]||Finished Spring Data repository scanning in 1797ms. Found 1 JPA repository interfaces.
2022-07-19 16:59:50,077|INFO |[restartedMain]||Tomcat initialized with port(s): 8092 (http)
2022-07-19 16:59:50,211|INFO |[restartedMain]||Initializing ProtocolHandler ["http-nio-8092"]
2022-07-19 16:59:50,218|INFO |[restartedMain]||Starting service [Tomcat]
2022-07-19 16:59:50,223|INFO |[restartedMain]||Starting Servlet engine: [Apache Tomcat/9.0.31]
2022-07-19 16:59:50,666|INFO |[restartedMain]||Initializing Spring embedded WebApplicationContext
2022-07-19 16:59:50,667|INFO |[restartedMain]||Root WebApplicationContext: initialization completed in 26986 ms
2022-07-19 16:59:52,880|INFO |[restartedMain]||HikariPool-1 - Starting...
2022-07-19 17:00:02,651|INFO |[restartedMain]||HikariPool-1 - Start completed.
2022-07-19 17:00:03,155|INFO |[restartedMain]||HHH000204: Processing PersistenceUnitInfo [
	name: default
	...]
2022-07-19 17:00:03,840|INFO |[restartedMain]||HHH000412: Hibernate Core {5.4.0.Final}
2022-07-19 17:00:03,854|INFO |[restartedMain]||HHH000206: hibernate.properties not found
2022-07-19 17:00:06,872|INFO |[restartedMain]||HCANN000001: Hibernate Commons Annotations {5.1.0.Final}
2022-07-19 17:00:08,915|INFO |[restartedMain]||HHH000400: Using dialect: org.hibernate.dialect.Oracle10gDialect
2022-07-19 17:00:17,263|INFO |[restartedMain]||HHH000490: Using JtaPlatform implementation: [org.hibernate.engine.transaction.jta.platform.internal.NoJtaPlatform]
2022-07-19 17:00:17,274|INFO |[restartedMain]||Initialized JPA EntityManagerFactory for persistence unit 'default'
2022-07-19 17:00:20,606|WARN |[restartedMain]||spring.jpa.open-in-view is enabled by default. Therefore, database queries may be performed during view rendering. Explicitly configure spring.jpa.open-in-view to disable this warning
2022-07-19 17:00:21,299|INFO |[restartedMain]||Exposing 2 endpoint(s) beneath base path '/actuator'
2022-07-19 17:00:25,363|INFO |[restartedMain]||Mapped URL path [/v2/api-docs] onto method [springfox.documentation.swagger2.web.Swagger2Controller#getDocumentation(String, HttpServletRequest)]
2022-07-19 17:00:28,880|INFO |[restartedMain]||Initializing ExecutorService 'applicationTaskExecutor'
2022-07-19 17:00:29,966|INFO |[restartedMain]||LiveReload server is running on port 35729
2022-07-19 17:00:35,497|INFO |[restartedMain]||Context refreshed
2022-07-19 17:00:35,750|INFO |[restartedMain]||Found 1 custom documentation plugin(s)
2022-07-19 17:00:35,935|INFO |[restartedMain]||Scanning for api listing references
2022-07-19 17:00:38,023|INFO |[restartedMain]||Generating unique operation named: handleUsingGET_1
2022-07-19 17:00:38,088|INFO |[restartedMain]||Generating unique operation named: handleUsingGET_2
2022-07-19 17:00:38,221|INFO |[restartedMain]||Starting ProtocolHandler ["http-nio-8092"]
2022-07-19 17:00:38,560|INFO |[restartedMain]||Tomcat started on port(s): 8092 (http) with context path ''
2022-07-19 17:00:38,761|INFO |[restartedMain]||Started DemoNCGL in 79.381 seconds (JVM running for 90.752)
2022-07-19 17:00:41,185|INFO |[restartedMain]||*****************info**************
2022-07-19 17:34:08,808|WARN |[HikariPool-1 housekeeper]||HikariPool-1 - Thread starvation or clock leap detected (housekeeper delta=4m5s17ms697µs200ns).
