2022-10-11 14:45:07,069|INFO |[restartedMain]||Starting DemoNCGL on DESKTOP-S6OKOUJ with PID 21100 (started by lenovo in F:\java proj\demoNCGL)
2022-10-11 14:45:07,114|INFO |[restartedMain]||No active profile set, falling back to default profiles: default
2022-10-11 14:45:07,419|INFO |[restartedMain]||The Class-Path manifest attribute in C:\Users\lenovo\.m2\repository\org\glassfish\jaxb\jaxb-runtime\2.3.2\jaxb-runtime-2.3.2.jar referenced one or more files that do not exist: file:/C:/Users/lenovo/.m2/repository/org/glassfish/jaxb/jaxb-runtime/2.3.2/jakarta.xml.bind-api-2.3.2.jar,file:/C:/Users/lenovo/.m2/repository/org/glassfish/jaxb/jaxb-runtime/2.3.2/txw2-2.3.2.jar,file:/C:/Users/lenovo/.m2/repository/org/glassfish/jaxb/jaxb-runtime/2.3.2/istack-commons-runtime-3.0.8.jar,file:/C:/Users/lenovo/.m2/repository/org/glassfish/jaxb/jaxb-runtime/2.3.2/stax-ex-1.8.1.jar,file:/C:/Users/lenovo/.m2/repository/org/glassfish/jaxb/jaxb-runtime/2.3.2/FastInfoset-1.2.16.jar,file:/C:/Users/lenovo/.m2/repository/org/glassfish/jaxb/jaxb-runtime/2.3.2/jakarta.activation-api-1.2.1.jar
2022-10-11 14:45:07,421|INFO |[restartedMain]||Devtools property defaults active! Set 'spring.devtools.add-properties' to 'false' to disable
2022-10-11 14:45:07,422|INFO |[restartedMain]||For additional web related logging consider setting the 'logging.level.web' property to 'DEBUG'
2022-10-11 14:45:11,518|INFO |[restartedMain]||Bootstrapping Spring Data JPA repositories in DEFAULT mode.
2022-10-11 14:45:12,022|INFO |[restartedMain]||Finished Spring Data repository scanning in 478ms. Found 1 JPA repository interfaces.
2022-10-11 14:45:14,761|INFO |[restartedMain]||Tomcat initialized with port(s): 8088 (http)
2022-10-11 14:45:14,794|INFO |[restartedMain]||Initializing ProtocolHandler ["http-nio-8088"]
2022-10-11 14:45:14,795|INFO |[restartedMain]||Starting service [Tomcat]
2022-10-11 14:45:14,796|INFO |[restartedMain]||Starting Servlet engine: [Apache Tomcat/9.0.31]
2022-10-11 14:45:15,145|INFO |[restartedMain]||Initializing Spring embedded WebApplicationContext
2022-10-11 14:45:15,146|INFO |[restartedMain]||Root WebApplicationContext: initialization completed in 7723 ms
2022-10-11 14:45:15,240|INFO |[restartedMain]||HikariPool-1 - Starting...
2022-10-11 14:45:16,274|INFO |[restartedMain]||HikariPool-1 - Start completed.
2022-10-11 14:45:16,292|INFO |[restartedMain]||H2 console available at '/h2-console'. Database available at 'jdbc:h2:mem:bdref'
2022-10-11 14:45:16,847|INFO |[restartedMain]||HHH000204: Processing PersistenceUnitInfo [
	name: default
	...]
2022-10-11 14:45:17,137|INFO |[restartedMain]||HHH000412: Hibernate Core {5.4.0.Final}
2022-10-11 14:45:17,141|INFO |[restartedMain]||HHH000206: hibernate.properties not found
2022-10-11 14:45:17,657|INFO |[restartedMain]||HCANN000001: Hibernate Commons Annotations {5.1.0.Final}
2022-10-11 14:45:18,472|INFO |[restartedMain]||HHH000400: Using dialect: org.hibernate.dialect.H2Dialect
2022-10-11 14:45:21,289|INFO |[restartedMain]||HHH000490: Using JtaPlatform implementation: [org.hibernate.engine.transaction.jta.platform.internal.NoJtaPlatform]
2022-10-11 14:45:21,298|INFO |[restartedMain]||Initialized JPA EntityManagerFactory for persistence unit 'default'
2022-10-11 14:45:21,421|INFO |[restartedMain]||LiveReload server is running on port 35729
2022-10-11 14:45:23,864|WARN |[restartedMain]||spring.jpa.open-in-view is enabled by default. Therefore, database queries may be performed during view rendering. Explicitly configure spring.jpa.open-in-view to disable this warning
2022-10-11 14:45:26,615|INFO |[restartedMain]||Mapped URL path [/v2/api-docs] onto method [springfox.documentation.swagger2.web.Swagger2Controller#getDocumentation(String, HttpServletRequest)]
2022-10-11 14:45:27,757|INFO |[restartedMain]||Initializing ExecutorService 'applicationTaskExecutor'
2022-10-11 14:45:30,072|INFO |[restartedMain]||Context refreshed
2022-10-11 14:45:30,134|INFO |[restartedMain]||Found 1 custom documentation plugin(s)
2022-10-11 14:45:30,258|INFO |[restartedMain]||Scanning for api listing references
2022-10-11 14:45:30,858|INFO |[restartedMain]||Generating unique operation named: listNCGUsingGET_1
2022-10-11 14:45:30,917|INFO |[restartedMain]||Starting ProtocolHandler ["http-nio-8088"]
2022-10-11 14:45:31,068|INFO |[restartedMain]||Tomcat started on port(s): 8088 (http) with context path ''
2022-10-11 14:45:31,099|INFO |[restartedMain]||Started DemoNCGL in 26.424 seconds (JVM running for 32.124)
2022-10-11 14:45:31,335|INFO |[restartedMain]||*****************info**************
2022-10-11 15:18:35,804|INFO |[SpringContextShutdownHook]||Shutting down ExecutorService 'applicationTaskExecutor'
2022-10-11 15:18:35,877|INFO |[SpringContextShutdownHook]||Closing JPA EntityManagerFactory for persistence unit 'default'
2022-10-11 15:18:36,309|WARN |[SpringContextShutdownHook]||Invocation of destroy method failed on bean with name 'inMemoryDatabaseShutdownExecutor': org.h2.jdbc.JdbcSQLNonTransientConnectionException: La base de données est déjà fermée (pour désactiver la fermeture automatique à l'arrêt de la VM, ajoutez "; DB_CLOSE_ON_EXIT = FALSE" à l'URL db)
Database is already closed (to disable automatic closing at VM shutdown, add ";DB_CLOSE_ON_EXIT=FALSE" to the db URL) [90121-200]
2022-10-11 15:18:36,319|INFO |[SpringContextShutdownHook]||HikariPool-1 - Shutdown initiated...
2022-10-11 15:18:36,345|INFO |[SpringContextShutdownHook]||HikariPool-1 - Shutdown completed.
